This is pdfTeX, Version 3.141592653-2.6-1.40.25 (MiKTeX 24.1) (preloaded format=pdflatex 2025.12.21)  21 DEC 2025 16:54
entering extended mode
 restricted \write18 enabled.
 %&-line parsing enabled.
**./main.tex
(main.tex
LaTeX2e <2023-11-01> patch level 1
L3 programming layer <2024-01-04>
(D:\Apps\MiKTeX\tex/latex/base\report.cls
Document Class: report 2023/05/17 v1.4n Standard LaTeX document class
(D:\Apps\MiKTeX\tex/latex/base\size12.clo
File: size12.clo 2023/05/17 v1.4n Standard LaTeX file (size option)
)
\c@part=\count187
\c@chapter=\count188
\c@section=\count189
\c@subsection=\count190
\c@subsubsection=\count191
\c@paragraph=\count192
\c@subparagraph=\count193
\c@figure=\count194
\c@table=\count195
\abovecaptionskip=\skip48
\belowcaptionskip=\skip49
\bibindent=\dimen140
) (preamble.tex
(D:\Apps\MiKTeX\tex/latex/base\inputenc.sty
Package: inputenc 2021/02/14 v1.3d Input encoding file
\inpenc@prehook=\toks17
\inpenc@posthook=\toks18
)
(D:\Apps\MiKTeX\tex/latex/base\fontenc.sty
Package: fontenc 2021/04/29 v2.0v Standard LaTeX package
)
(D:\Apps\MiKTeX\tex/generic/babel\babel.sty
Package: babel 2024/01/07 v24.1 The Babel package
\babel@savecnt=\count196
\U@D=\dimen141
\l@unhyphenated=\language79

(D:\Apps\MiKTeX\tex/generic/babel\txtbabel.def)
\bbl@readstream=\read2
\bbl@dirlevel=\count197

*************************************
* Local config file bblopts.cfg used
*
(D:\Apps\MiKTeX\tex/latex/arabi\bblopts.cfg
File: bblopts.cfg 2005/09/08 v0.1 add Arabic and Farsi to "declared" options of
 babel
)
(D:\Apps\MiKTeX\tex/latex/babel-english\english.ldf
Language: english 2017/06/06 v3.3r English support from the babel system
Package babel Info: Hyphen rules for 'canadian' set to \l@english
(babel)             (\language0). Reported on input line 102.
Package babel Info: Hyphen rules for 'australian' set to \l@ukenglish
(babel)             (\language73). Reported on input line 105.
Package babel Info: Hyphen rules for 'newzealand' set to \l@ukenglish
(babel)             (\language73). Reported on input line 108.
))
(D:\Apps\MiKTeX\tex/generic/babel/locale/en\babel-english.tex
Package babel Info: Importing font and identification data for english
(babel)             from babel-en.ini. Reported on input line 11.
)
   defining Unicode char U+009D (decimal 157)
   defining Unicode char U+0080 (decimal 128)
   defining Unicode char U+0093 (decimal 147)
   defining Unicode char U+0094 (decimal 148)
   defining Unicode char U+0096 (decimal 150)
   defining Unicode char U+0097 (decimal 151)
   defining Unicode char U+2013 (decimal 8211)
   defining Unicode char U+2014 (decimal 8212)
   defining Unicode char U+2018 (decimal 8216)
   defining Unicode char U+2019 (decimal 8217)
   defining Unicode char U+201C (decimal 8220)
   defining Unicode char U+201D (decimal 8221)
   defining Unicode char U+00D7 (decimal 215)
   defining Unicode char U+00A0 (decimal 160)
   defining Unicode char U+2026 (decimal 8230)
   defining Unicode char U+00E2 (decimal 226)
   defining Unicode char U+0082 (decimal 130)
   defining Unicode char U+20AC (decimal 8364)

(D:\Apps\MiKTeX\tex/latex/geometry\geometry.sty
Package: geometry 2020/01/02 v5.9 Page Geometry

(D:\Apps\MiKTeX\tex/latex/graphics\keyval.sty
Package: keyval 2022/05/29 v1.15 key=value parser (DPC)
\KV@toks@=\toks19
)
(D:\Apps\MiKTeX\tex/generic/iftex\ifvtex.sty
Package: ifvtex 2019/10/25 v1.7 ifvtex legacy package. Use iftex instead.

(D:\Apps\MiKTeX\tex/generic/iftex\iftex.sty
Package: iftex 2022/02/03 v1.0f TeX engine tests
))
\Gm@cnth=\count198
\Gm@cntv=\count199
\c@Gm@tempcnt=\count266
\Gm@bindingoffset=\dimen142
\Gm@wd@mp=\dimen143
\Gm@odd@mp=\dimen144
\Gm@even@mp=\dimen145
\Gm@layoutwidth=\dimen146
\Gm@layoutheight=\dimen147
\Gm@layouthoffset=\dimen148
\Gm@layoutvoffset=\dimen149
\Gm@dimlist=\toks20

(D:\Apps\MiKTeX\tex/latex/geometry\geometry.cfg))
(D:\Apps\MiKTeX\tex/latex/graphics\graphicx.sty
Package: graphicx 2021/09/16 v1.2d Enhanced LaTeX Graphics (DPC,SPQR)

(D:\Apps\MiKTeX\tex/latex/graphics\graphics.sty
Package: graphics 2022/03/10 v1.4e Standard LaTeX Graphics (DPC,SPQR)

(D:\Apps\MiKTeX\tex/latex/graphics\trig.sty
Package: trig 2021/08/11 v1.11 sin cos tan (DPC)
)
(D:\Apps\MiKTeX\tex/latex/graphics-cfg\graphics.cfg
File: graphics.cfg 2016/06/04 v1.11 sample graphics configuration
)
Package graphics Info: Driver file: pdftex.def on input line 107.

(D:\Apps\MiKTeX\tex/latex/graphics-def\pdftex.def
File: pdftex.def 2022/09/22 v1.2b Graphics/color driver for pdftex
))
\Gin@req@height=\dimen150
\Gin@req@width=\dimen151
)
(D:\Apps\MiKTeX\tex/latex/hyperref\hyperref.sty
Package: hyperref 2023-11-26 v7.01g Hypertext links for LaTeX

(D:\Apps\MiKTeX\tex/generic/infwarerr\infwarerr.sty
Package: infwarerr 2019/12/03 v1.5 Providing info/warning/error messages (HO)
)
(D:\Apps\MiKTeX\tex/latex/kvsetkeys\kvsetkeys.sty
Package: kvsetkeys 2022-10-05 v1.19 Key value parser (HO)
)
(D:\Apps\MiKTeX\tex/generic/kvdefinekeys\kvdefinekeys.sty
Package: kvdefinekeys 2019-12-19 v1.6 Define keys (HO)
)
(D:\Apps\MiKTeX\tex/generic/pdfescape\pdfescape.sty
Package: pdfescape 2019/12/09 v1.15 Implements pdfTeX's escape features (HO)

(D:\Apps\MiKTeX\tex/generic/ltxcmds\ltxcmds.sty
Package: ltxcmds 2023-12-04 v1.26 LaTeX kernel commands for general use (HO)
)
(D:\Apps\MiKTeX\tex/generic/pdftexcmds\pdftexcmds.sty
Package: pdftexcmds 2020-06-27 v0.33 Utility functions of pdfTeX for LuaTeX (HO
)
Package pdftexcmds Info: \pdf@primitive is available.
Package pdftexcmds Info: \pdf@ifprimitive is available.
Package pdftexcmds Info: \pdfdraftmode found.
))
(D:\Apps\MiKTeX\tex/latex/hycolor\hycolor.sty
Package: hycolor 2020-01-27 v1.10 Color options for hyperref/bookmark (HO)
)
(D:\Apps\MiKTeX\tex/latex/letltxmacro\letltxmacro.sty
Package: letltxmacro 2019/12/03 v1.6 Let assignment for LaTeX macros (HO)
)
(D:\Apps\MiKTeX\tex/latex/auxhook\auxhook.sty
Package: auxhook 2019-12-17 v1.6 Hooks for auxiliary files (HO)
)
(D:\Apps\MiKTeX\tex/latex/hyperref\nameref.sty
Package: nameref 2023-11-26 v2.56 Cross-referencing by name of section

(D:\Apps\MiKTeX\tex/latex/refcount\refcount.sty
Package: refcount 2019/12/15 v3.6 Data extraction from label references (HO)
)
(D:\Apps\MiKTeX\tex/generic/gettitlestring\gettitlestring.sty
Package: gettitlestring 2019/12/15 v1.6 Cleanup title references (HO)

(D:\Apps\MiKTeX\tex/latex/kvoptions\kvoptions.sty
Package: kvoptions 2022-06-15 v3.15 Key value format for package options (HO)
))
\c@section@level=\count267
)
(D:\Apps\MiKTeX\tex/latex/etoolbox\etoolbox.sty
Package: etoolbox 2020/10/05 v2.5k e-TeX tools for LaTeX (JAW)
\etb@tempcnta=\count268
)
\@linkdim=\dimen152
\Hy@linkcounter=\count269
\Hy@pagecounter=\count270

(D:\Apps\MiKTeX\tex/latex/hyperref\pd1enc.def
File: pd1enc.def 2023-11-26 v7.01g Hyperref: PDFDocEncoding definition (HO)
Now handling font encoding PD1 ...
... no UTF-8 mapping file for font encoding PD1
)
(D:\Apps\MiKTeX\tex/generic/intcalc\intcalc.sty
Package: intcalc 2019/12/15 v1.3 Expandable calculations with integers (HO)
)
\Hy@SavedSpaceFactor=\count271

(D:\Apps\MiKTeX\tex/latex/hyperref\puenc.def
File: puenc.def 2023-11-26 v7.01g Hyperref: PDF Unicode definition (HO)
Now handling font encoding PU ...
... no UTF-8 mapping file for font encoding PU
)
Package hyperref Info: Hyper figures OFF on input line 4181.
Package hyperref Info: Link nesting OFF on input line 4186.
Package hyperref Info: Hyper index ON on input line 4189.
Package hyperref Info: Plain pages OFF on input line 4196.
Package hyperref Info: Backreferencing OFF on input line 4201.
Package hyperref Info: Implicit mode ON; LaTeX internals redefined.
Package hyperref Info: Bookmarks ON on input line 4448.
\c@Hy@tempcnt=\count272

(D:\Apps\MiKTeX\tex/latex/url\url.sty
\Urlmuskip=\muskip16
Package: url 2013/09/16  ver 3.4  Verb mode for urls, etc.
)
LaTeX Info: Redefining \url on input line 4786.
\XeTeXLinkMargin=\dimen153

(D:\Apps\MiKTeX\tex/generic/bitset\bitset.sty
Package: bitset 2019/12/09 v1.3 Handle bit-vector datatype (HO)

(D:\Apps\MiKTeX\tex/generic/bigintcalc\bigintcalc.sty
Package: bigintcalc 2019/12/15 v1.5 Expandable calculations on big integers (HO
)
))
\Fld@menulength=\count273
\Field@Width=\dimen154
\Fld@charsize=\dimen155
Package hyperref Info: Hyper figures OFF on input line 6065.
Package hyperref Info: Link nesting OFF on input line 6070.
Package hyperref Info: Hyper index ON on input line 6073.
Package hyperref Info: backreferencing OFF on input line 6080.
Package hyperref Info: Link coloring OFF on input line 6085.
Package hyperref Info: Link coloring with OCG OFF on input line 6090.
Package hyperref Info: PDF/A mode OFF on input line 6095.

(D:\Apps\MiKTeX\tex/latex/base\atbegshi-ltx.sty
Package: atbegshi-ltx 2021/01/10 v1.0c Emulation of the original atbegshi
package with kernel methods
)
\Hy@abspage=\count274
\c@Item=\count275
\c@Hfootnote=\count276
)
Package hyperref Info: Driver (autodetected): hpdftex.

(D:\Apps\MiKTeX\tex/latex/hyperref\hpdftex.def
File: hpdftex.def 2023-11-26 v7.01g Hyperref driver for pdfTeX

(D:\Apps\MiKTeX\tex/latex/base\atveryend-ltx.sty
Package: atveryend-ltx 2020/08/19 v1.0a Emulation of the original atveryend pac
kage
with kernel methods
)
\Fld@listcount=\count277
\c@bookmark@seq@number=\count278

(D:\Apps\MiKTeX\tex/latex/rerunfilecheck\rerunfilecheck.sty
Package: rerunfilecheck 2025-06-21 v1.11 Rerun checks for auxiliary files (HO)

(D:\Apps\MiKTeX\tex/generic/uniquecounter\uniquecounter.sty
Package: uniquecounter 2019/12/15 v1.4 Provide unlimited unique counter (HO)
)
Package uniquecounter Info: New unique counter `rerunfilecheck' on input line 2
84.
)
\Hy@SectionHShift=\skip50
)
(D:\Apps\MiKTeX\tex/latex/cite\cite.sty
LaTeX Info: Redefining \cite on input line 302.
LaTeX Info: Redefining \nocite on input line 332.
Package: cite 2015/02/27  v 5.5
)
(D:\Apps\MiKTeX\tex/latex/amsmath\amsmath.sty
Package: amsmath 2023/05/13 v2.17o AMS math features
\@mathmargin=\skip51

For additional information on amsmath, use the `?' option.
(D:\Apps\MiKTeX\tex/latex/amsmath\amstext.sty
Package: amstext 2021/08/26 v2.01 AMS text

(D:\Apps\MiKTeX\tex/latex/amsmath\amsgen.sty
File: amsgen.sty 1999/11/30 v2.0 generic functions
\@emptytoks=\toks21
\ex@=\dimen156
))
(D:\Apps\MiKTeX\tex/latex/amsmath\amsbsy.sty
Package: amsbsy 1999/11/29 v1.2d Bold Symbols
\pmbraise@=\dimen157
)
(D:\Apps\MiKTeX\tex/latex/amsmath\amsopn.sty
Package: amsopn 2022/04/08 v2.04 operator names
)
\inf@bad=\count279
LaTeX Info: Redefining \frac on input line 234.
\uproot@=\count280
\leftroot@=\count281
LaTeX Info: Redefining \overline on input line 399.
LaTeX Info: Redefining \colon on input line 410.
\classnum@=\count282
\DOTSCASE@=\count283
LaTeX Info: Redefining \ldots on input line 496.
LaTeX Info: Redefining \dots on input line 499.
LaTeX Info: Redefining \cdots on input line 620.
\Mathstrutbox@=\box51
\strutbox@=\box52
LaTeX Info: Redefining \big on input line 722.
LaTeX Info: Redefining \Big on input line 723.
LaTeX Info: Redefining \bigg on input line 724.
LaTeX Info: Redefining \Bigg on input line 725.
\big@size=\dimen158
LaTeX Font Info:    Redeclaring font encoding OML on input line 743.
LaTeX Font Info:    Redeclaring font encoding OMS on input line 744.
\macc@depth=\count284
LaTeX Info: Redefining \bmod on input line 905.
LaTeX Info: Redefining \pmod on input line 910.
LaTeX Info: Redefining \smash on input line 940.
LaTeX Info: Redefining \relbar on input line 970.
LaTeX Info: Redefining \Relbar on input line 971.
\c@MaxMatrixCols=\count285
\dotsspace@=\muskip17
\c@parentequation=\count286
\dspbrk@lvl=\count287
\tag@help=\toks22
\row@=\count288
\column@=\count289
\maxfields@=\count290
\andhelp@=\toks23
\eqnshift@=\dimen159
\alignsep@=\dimen160
\tagshift@=\dimen161
\tagwidth@=\dimen162
\totwidth@=\dimen163
\lineht@=\dimen164
\@envbody=\toks24
\multlinegap=\skip52
\multlinetaggap=\skip53
\mathdisplay@stack=\toks25
LaTeX Info: Redefining \[ on input line 2953.
LaTeX Info: Redefining \] on input line 2954.
)
(D:\Apps\MiKTeX\tex/latex/amsfonts\amssymb.sty
Package: amssymb 2013/01/14 v3.01 AMS font symbols

(D:\Apps\MiKTeX\tex/latex/amsfonts\amsfonts.sty
Package: amsfonts 2013/01/14 v3.01 Basic AMSFonts support
\symAMSa=\mathgroup4
\symAMSb=\mathgroup5
LaTeX Font Info:    Redeclaring math symbol \hbar on input line 98.
LaTeX Font Info:    Overwriting math alphabet `\mathfrak' in version `bold'
(Font)                  U/euf/m/n --> U/euf/b/n on input line 106.
))
(D:\Apps\MiKTeX\tex/latex/float\float.sty
Package: float 2001/11/08 v1.3d Float enhancements (AL)
\c@float@type=\count291
\float@exts=\toks26
\float@box=\box53
\@float@everytoks=\toks27
\@floatcapt=\box54
)
(D:\Apps\MiKTeX\tex/latex/listings\listings.sty
\lst@mode=\count292
\lst@gtempboxa=\box55
\lst@token=\toks28
\lst@length=\count293
\lst@currlwidth=\dimen165
\lst@column=\count294
\lst@pos=\count295
\lst@lostspace=\dimen166
\lst@width=\dimen167
\lst@newlines=\count296
\lst@lineno=\count297
\lst@maxwidth=\dimen168

(D:\Apps\MiKTeX\tex/latex/listings\lstmisc.sty
File: lstmisc.sty 2023/02/27 1.9 (Carsten Heinz)
\c@lstnumber=\count298
\lst@skipnumbers=\count299
\lst@framebox=\box56
)
(D:\Apps\MiKTeX\tex/latex/listings\listings.cfg
File: listings.cfg 2023/02/27 1.9 listings configuration
))
Package: listings 2023/02/27 1.9 (Carsten Heinz)

(D:\Apps\MiKTeX\tex/latex/xcolor\xcolor.sty
Package: xcolor 2023/11/15 v3.01 LaTeX color extensions (UK)

(D:\Apps\MiKTeX\tex/latex/graphics-cfg\color.cfg
File: color.cfg 2016/01/02 v1.6 sample color configuration
)
Package xcolor Info: Driver file: pdftex.def on input line 274.

(D:\Apps\MiKTeX\tex/latex/graphics\mathcolor.ltx)
Package xcolor Info: Model `cmy' substituted by `cmy0' on input line 1350.
Package xcolor Info: Model `hsb' substituted by `rgb' on input line 1354.
Package xcolor Info: Model `RGB' extended on input line 1366.
Package xcolor Info: Model `HTML' substituted by `rgb' on input line 1368.
Package xcolor Info: Model `Hsb' substituted by `hsb' on input line 1369.
Package xcolor Info: Model `tHsb' substituted by `hsb' on input line 1370.
Package xcolor Info: Model `HSB' substituted by `hsb' on input line 1371.
Package xcolor Info: Model `Gray' substituted by `gray' on input line 1372.
Package xcolor Info: Model `wave' substituted by `hsb' on input line 1373.
)
(D:\Apps\MiKTeX\tex/latex/tools\tabularx.sty
Package: tabularx 2023/07/08 v2.11c `tabularx' package (DPC)

(D:\Apps\MiKTeX\tex/latex/tools\array.sty
Package: array 2023/10/16 v2.5g Tabular extension package (FMi)
\col@sep=\dimen169
\ar@mcellbox=\box57
\extrarowheight=\dimen170
\NC@list=\toks29
\extratabsurround=\skip54
\backup@length=\skip55
\ar@cellbox=\box58
)
\TX@col@width=\dimen171
\TX@old@table=\dimen172
\TX@old@col=\dimen173
\TX@target=\dimen174
\TX@delta=\dimen175
\TX@cols=\count300
\TX@ftn=\toks30
)
(D:\Apps\MiKTeX\tex/latex/booktabs\booktabs.sty
Package: booktabs 2020/01/12 v1.61803398 Publication quality tables
\heavyrulewidth=\dimen176
\lightrulewidth=\dimen177
\cmidrulewidth=\dimen178
\belowrulesep=\dimen179
\belowbottomsep=\dimen180
\aboverulesep=\dimen181
\abovetopsep=\dimen182
\cmidrulesep=\dimen183
\cmidrulekern=\dimen184
\defaultaddspace=\dimen185
\@cmidla=\count301
\@cmidlb=\count302
\@aboverulesep=\dimen186
\@belowrulesep=\dimen187
\@thisruleclass=\count303
\@lastruleclass=\count304
\@thisrulewidth=\dimen188
)
(D:\Apps\MiKTeX\tex/latex/tools\longtable.sty
Package: longtable 2023-11-01 v4.19 Multi-page Table package (DPC)
\LTleft=\skip56
\LTright=\skip57
\LTpre=\skip58
\LTpost=\skip59
\LTchunksize=\count305
\LTcapwidth=\dimen189
\LT@head=\box59
\LT@firsthead=\box60
\LT@foot=\box61
\LT@lastfoot=\box62
\LT@gbox=\box63
\LT@cols=\count306
\LT@rows=\count307
\c@LT@tables=\count308
\c@LT@chunks=\count309
\LT@p@ftn=\toks31
)
(D:\Apps\MiKTeX\tex/latex/caption\caption.sty
Package: caption 2023/08/05 v3.6o Customizing captions (AR)

(D:\Apps\MiKTeX\tex/latex/caption\caption3.sty
Package: caption3 2023/07/31 v2.4d caption3 kernel (AR)
\caption@tempdima=\dimen190
\captionmargin=\dimen191
\caption@leftmargin=\dimen192
\caption@rightmargin=\dimen193
\caption@width=\dimen194
\caption@indent=\dimen195
\caption@parindent=\dimen196
\caption@hangindent=\dimen197
Package caption Info: Standard document class detected.
)
\c@caption@flags=\count310
\c@continuedfloat=\count311
Package caption Info: float package is loaded.
Package caption Info: hyperref package is loaded.
Package caption Info: listings package is loaded.
Package caption Info: longtable package is loaded.

(D:\Apps\MiKTeX\tex/latex/caption\ltcaption.sty
Package: ltcaption 2021/01/08 v1.4c longtable captions (AR)
))
(D:\Apps\MiKTeX\tex/latex/caption\subcaption.sty
Package: subcaption 2023/07/28 v1.6b Sub-captions (AR)
Package caption Info: New subtype `subfigure' on input line 238.
\c@subfigure=\count312
Package caption Info: New subtype `subtable' on input line 238.
\c@subtable=\count313
)
(D:\Apps\MiKTeX\tex/latex/fancyhdr\fancyhdr.sty
Package: fancyhdr 2025/02/07 v5.2 Extensive control of page headers and footers

\f@nch@headwidth=\skip60
\f@nch@offset@elh=\skip61
\f@nch@offset@erh=\skip62
\f@nch@offset@olh=\skip63
\f@nch@offset@orh=\skip64
\f@nch@offset@elf=\skip65
\f@nch@offset@erf=\skip66
\f@nch@offset@olf=\skip67
\f@nch@offset@orf=\skip68
\f@nch@height=\skip69
\f@nch@footalignment=\skip70
\f@nch@widthL=\skip71
\f@nch@widthC=\skip72
\f@nch@widthR=\skip73
\@temptokenb=\toks32
)
(D:\Apps\MiKTeX\tex/latex/tocloft\tocloft.sty
Package: tocloft 2017/08/31 v2.3i parameterised ToC, etc., typesetting
Package tocloft Info: The document has chapter divisions on input line 51.
\cftparskip=\skip74
\cftbeforetoctitleskip=\skip75
\cftaftertoctitleskip=\skip76
\cftbeforepartskip=\skip77
\cftpartnumwidth=\skip78
\cftpartindent=\skip79
\cftbeforechapskip=\skip80
\cftchapindent=\skip81
\cftchapnumwidth=\skip82
\cftbeforesecskip=\skip83
\cftsecindent=\skip84
\cftsecnumwidth=\skip85
\cftbeforesubsecskip=\skip86
\cftsubsecindent=\skip87
\cftsubsecnumwidth=\skip88
\cftbeforesubsubsecskip=\skip89
\cftsubsubsecindent=\skip90
\cftsubsubsecnumwidth=\skip91
\cftbeforeparaskip=\skip92
\cftparaindent=\skip93
\cftparanumwidth=\skip94
\cftbeforesubparaskip=\skip95
\cftsubparaindent=\skip96
\cftsubparanumwidth=\skip97
\cftbeforeloftitleskip=\skip98
\cftafterloftitleskip=\skip99
\cftbeforefigskip=\skip100
\cftfigindent=\skip101
\cftfignumwidth=\skip102
\c@lofdepth=\count314
\c@lotdepth=\count315
\cftbeforelottitleskip=\skip103
\cftafterlottitleskip=\skip104
\cftbeforetabskip=\skip105
\cfttabindent=\skip106
\cfttabnumwidth=\skip107
)
(D:\Apps\MiKTeX\tex/latex/setspace\setspace.sty
Package: setspace 2022/12/04 v6.7b set line spacing
)
Package hyperref Info: Option `colorlinks' set `true' on input line 61.
)
(D:\Apps\MiKTeX\tex/latex/l3backend\l3backend-pdftex.def
File: l3backend-pdftex.def 2024-01-04 L3 backend support: PDF output (pdfTeX)
\l__color_backend_stack_int=\count316
\l__pdf_internal_box=\box64
) (main.aux)
\openout1 = `main.aux'.

LaTeX Font Info:    Checking defaults for OML/cmm/m/it on input line 3.
LaTeX Font Info:    ... okay on input line 3.
LaTeX Font Info:    Checking defaults for OMS/cmsy/m/n on input line 3.
LaTeX Font Info:    ... okay on input line 3.
LaTeX Font Info:    Checking defaults for OT1/cmr/m/n on input line 3.
LaTeX Font Info:    ... okay on input line 3.
LaTeX Font Info:    Checking defaults for T1/cmr/m/n on input line 3.
LaTeX Font Info:    ... okay on input line 3.
LaTeX Font Info:    Checking defaults for TS1/cmr/m/n on input line 3.
LaTeX Font Info:    ... okay on input line 3.
LaTeX Font Info:    Checking defaults for OMX/cmex/m/n on input line 3.
LaTeX Font Info:    ... okay on input line 3.
LaTeX Font Info:    Checking defaults for U/cmr/m/n on input line 3.
LaTeX Font Info:    ... okay on input line 3.
LaTeX Font Info:    Checking defaults for PD1/pdf/m/n on input line 3.
LaTeX Font Info:    ... okay on input line 3.
LaTeX Font Info:    Checking defaults for PU/pdf/m/n on input line 3.
LaTeX Font Info:    ... okay on input line 3.

*geometry* driver: auto-detecting
*geometry* detected driver: pdftex
*geometry* verbose mode - [ preamble ] result:
* driver: pdftex
* paper: a4paper
* layout: <same size as paper>
* layoutoffset:(h,v)=(0.0pt,0.0pt)
* modes: 
* h-part:(L,W,R)=(72.26999pt, 452.9679pt, 72.26999pt)
* v-part:(T,H,B)=(72.26999pt, 700.50687pt, 72.26999pt)
* \paperwidth=597.50787pt
* \paperheight=845.04684pt
* \textwidth=452.9679pt
* \textheight=700.50687pt
* \oddsidemargin=0.0pt
* \evensidemargin=0.0pt
* \topmargin=-40.0pt
* \headheight=15.0pt
* \headsep=25.0pt
* \topskip=12.0pt
* \footskip=30.0pt
* \marginparwidth=35.0pt
* \marginparsep=10.0pt
* \columnsep=10.0pt
* \skip\footins=10.8pt plus 4.0pt minus 2.0pt
* \hoffset=0.0pt
* \voffset=0.0pt
* \mag=1000
* \@twocolumnfalse
* \@twosidefalse
* \@mparswitchfalse
* \@reversemarginfalse
* (1in=72.27pt=25.4mm, 1cm=28.453pt)

(D:\Apps\MiKTeX\tex/context/base/mkii\supp-pdf.mkii
[Loading MPS to PDF converter (version 2006.09.02).]
\scratchcounter=\count317
\scratchdimen=\dimen198
\scratchbox=\box65
\nofMPsegments=\count318
\nofMParguments=\count319
\everyMPshowfont=\toks33
\MPscratchCnt=\count320
\MPscratchDim=\dimen199
\MPnumerator=\count321
\makeMPintoPDFobject=\count322
\everyMPtoPDFconversion=\toks34
) (D:\Apps\MiKTeX\tex/latex/epstopdf-pkg\epstopdf-base.sty
Package: epstopdf-base 2020-01-24 v2.11 Base part for package epstopdf
Package epstopdf-base Info: Redefining graphics rule for `.eps' on input line 4
85.

(D:\Apps\MiKTeX\tex/latex/00miktex\epstopdf-sys.cfg
File: epstopdf-sys.cfg 2021/03/18 v2.0 Configuration of epstopdf for MiKTeX
))
Package hyperref Info: Link coloring ON on input line 3.
 (main.out) (main.out)
\@outlinefile=\write3
\openout3 = `main.out'.

\c@lstlisting=\count323
Package caption Info: Begin \AtBeginDocument code.
Package caption Info: End \AtBeginDocument code.
LaTeX Font Info:    Trying to load font information for U+msa on input line 23.


(D:\Apps\MiKTeX\tex/latex/amsfonts\umsa.fd
File: umsa.fd 2013/01/14 v3.01 AMS symbols A
)
LaTeX Font Info:    Trying to load font information for U+msb on input line 23.


(D:\Apps\MiKTeX\tex/latex/amsfonts\umsb.fd
File: umsb.fd 2013/01/14 v3.01 AMS symbols B
) [1

{C:/Users/NewVision/AppData/Local/MiKTeX/fonts/map/pdftex/pdftex.map}] [2] (fro
ntmatter/abstract.tex)
(frontmatter/acknowledgments.tex [1

]
Overfull \hbox (1.72879pt too wide) in paragraph at lines 9--10
[]\T1/cmr/m/n/12 Our sin-cere ap-pre-ci-a-tion goes to our aca-demic ad-vi-sor,
 Dr. Reem Es-sameldin Ebrahim,
 []

) [2

] (main.toc [3] [4])
\tf@toc=\write4
\openout4 = `main.toc'.

 [5] (main.lof)
\tf@lof=\write5
\openout5 = `main.lof'.

 [6] (main.lot)
\tf@lot=\write6
\openout6 = `main.lot'.

 [7]
(frontmatter/abbreviations.tex [8

]) (chapters/chapter1.tex
Chapter 1.
<media/image1.jpg, id=536, 225.84375pt x 225.84375pt>
File: media/image1.jpg Graphic file (type jpg)
<use media/image1.jpg>
Package pdftex.def Info: media/image1.jpg  used on input line 7.
(pdftex.def)             Requested size: 362.37569pt x 362.4222pt.

pdfTeX warning (ext4): destination with the same identifier (name{page.1}) has 
been already used, duplicate ignored
<to be read again> 
                   \relax 
l.24 A
      laa Hassan Melook  - 2205214 [1

 <./media/image1.jpg>]
pdfTeX warning (ext4): destination with the same identifier (name{page.2}) has 
been already used, duplicate ignored
<to be read again> 
                   \relax 
l.51 
      [2] [3] [4] [5]) (chapters/chapter2.tex [6] [7]
Chapter 2.

Overfull \hbox (6.2112pt too wide) in paragraph at lines 14--15
\T1/cmr/m/n/12 tended Fi-nite State Ma-chines (EF-SMs) with STRIDE-based threat
 mod-el-ing. The method-
 []

[8

] [9] [10] [11]
Overfull \hbox (2.1002pt too wide) in paragraph at lines 104--105
[]\T1/cmr/bx/n/12 SQLMap: \T1/cmr/m/n/12 Au-to-mated SQL in-jec-tion de-tec-tio
n tool sup-port-ing wide range of database
 []

[12]) (chapters/chapter3.tex [13]
Chapter 3.
[14

]
Overfull \hbox (7.28633pt too wide) in paragraph at lines 33--34
 []\T1/cmr/bx/n/12 3.1.1 Soft-ware De-vel-op-ment Method-ol-ogy[] \T1/cmr/m/n/1
2 The Ag-ile soft-ware de-vel-op-ment method-
 []

[15] [16]
Overfull \hbox (14.44414pt too wide) in paragraph at lines 93--93
[][]\T1/cmr/bx/n/12 Responsiveness: The sys-tem shall up-date threat mod-els an
d risk scores promptly
 []

[17]
Underfull \hbox (badness 1502) in paragraph at lines 138--138
[]|\T1/cmr/m/n/10.95 Requirements elic-i-ta-tion, ini-tial sys-tem ar-chi-tec-t
ure de-sign,
 []

[18]
Underfull \hbox (badness 10000) in paragraph at lines 190--190
\T1/cmr/m/n/10.95 al-low users to
 []


Underfull \hbox (badness 10000) in paragraph at lines 190--190
\T1/cmr/m/n/10.95 version-control
 []


Underfull \hbox (badness 10000) in paragraph at lines 190--190
\T1/cmr/m/n/10.95 au-to-mat-i-cally
 []


Underfull \hbox (badness 10000) in paragraph at lines 190--190
\T1/cmr/m/n/10.95 map iden-ti-
 []


Underfull \hbox (badness 10000) in paragraph at lines 190--190
\T1/cmr/m/n/10.95 fied threats to
 []


Underfull \hbox (badness 10000) in paragraph at lines 190--190
\T1/cmr/m/n/10.95 cor-re-spond-ing
 []


Underfull \hbox (badness 5832) in paragraph at lines 190--190
\T1/cmr/m/n/10.95 pen-e-tra-tion test-
 []


Underfull \hbox (badness 10000) in paragraph at lines 190--190
\T1/cmr/m/n/10.95 ing tech-niques
 []


Underfull \hbox (badness 10000) in paragraph at lines 190--190
\T1/cmr/m/n/10.95 dy-nam-i-cally ad-
 []


Underfull \hbox (badness 10000) in paragraph at lines 190--190
\T1/cmr/m/n/10.95 based on sys-
 []


Underfull \hbox (badness 10000) in paragraph at lines 190--190
\T1/cmr/m/n/10.95 ized repos-i-tory
 []


Underfull \hbox (badness 10000) in paragraph at lines 190--190
\T1/cmr/m/n/10.95 mod-els, test-ing
 []


Underfull \hbox (badness 10000) in paragraph at lines 190--190
\T1/cmr/m/n/10.95 (e.g., heatmaps,
 []


Underfull \hbox (badness 10000) in paragraph at lines 190--190
\T1/cmr/m/n/10.95 ma-tri-ces) to
 []


Underfull \hbox (badness 10000) in paragraph at lines 190--190
\T1/cmr/m/n/10.95 sup-port pri-or-i-ti-
 []


Underfull \hbox (badness 10000) in paragraph at lines 190--190
\T1/cmr/m/n/10.95 au-to-mat-i-cally
 []


Underfull \hbox (badness 10000) in paragraph at lines 190--190
\T1/cmr/m/n/10.95 up-date threat
 []


Underfull \hbox (badness 10000) in paragraph at lines 190--190
\T1/cmr/m/n/10.95 mod-els based
 []


Underfull \hbox (badness 10000) in paragraph at lines 190--190
\T1/cmr/m/n/10.95 on pen-e-tra-tion
 []


Underfull \hbox (badness 2073) in paragraph at lines 190--190
\T1/cmr/m/n/10.95 gen-er-ate com-pre-
 []


Underfull \hbox (badness 10000) in paragraph at lines 190--190
\T1/cmr/m/n/10.95 hen-sive se-cu-rity
 []


Underfull \hbox (badness 10000) in paragraph at lines 190--190
\T1/cmr/m/n/10.95 as-sess-ment re-
 []


Underfull \hbox (badness 10000) in paragraph at lines 190--190
\T1/cmr/m/n/10.95 in-gest threat
 []


Underfull \hbox (badness 10000) in paragraph at lines 190--190
\T1/cmr/m/n/10.95 in-tel-li-gence from
 []


Underfull \hbox (badness 10000) in paragraph at lines 190--190
\T1/cmr/m/n/10.95 (e.g., STIX/-
 []


Underfull \hbox (badness 10000) in paragraph at lines 190--190
\T1/cmr/m/n/10.95 sup-port safe
 []


Underfull \hbox (badness 10000) in paragraph at lines 190--190
\T1/cmr/m/n/10.95 sim-u-la-tion en-
 []


Underfull \hbox (badness 10000) in paragraph at lines 190--190
\T1/cmr/m/n/10.95 vi-ron-ments for
 []


Underfull \hbox (badness 10000) in paragraph at lines 190--190
\T1/cmr/m/n/10.95 con-trolled pen-e-
 []

[19]
Overfull \vbox (268.6933pt too high) has occurred while \output is active []


[20]
Underfull \hbox (badness 1253) in paragraph at lines 217--217
[]|\T1/cmr/m/n/10.95 The sys-tem shall
 []


Underfull \hbox (badness 3557) in paragraph at lines 217--217
\T1/cmr/m/n/10.95 pro-vide a threat
 []


Underfull \hbox (badness 10000) in paragraph at lines 217--217
\T1/cmr/m/n/10.95 mod-el-ing en-
 []


Underfull \hbox (badness 10000) in paragraph at lines 217--217
\T1/cmr/m/n/10.95 gine sup-port-ing
 []


Underfull \hbox (badness 10000) in paragraph at lines 217--217
\T1/cmr/m/n/10.95 STRIDE-based
 []


Underfull \hbox (badness 7273) in paragraph at lines 217--217
\T1/cmr/m/n/10.95 clas-si-fi-ca-tion and
 []


Underfull \hbox (badness 1253) in paragraph at lines 217--217
[]|\T1/cmr/m/n/10.95 The sys-tem shall
 []


Underfull \hbox (badness 10000) in paragraph at lines 217--217
\T1/cmr/m/n/10.95 au-to-mate pen-
 []


Underfull \hbox (badness 10000) in paragraph at lines 217--217
\T1/cmr/m/n/10.95 e-tra-tion test-ing
 []


Underfull \hbox (badness 10000) in paragraph at lines 217--217
\T1/cmr/m/n/10.95 ex-e-cu-tion us-ing
 []


Underfull \hbox (badness 10000) in paragraph at lines 217--217
\T1/cmr/m/n/10.95 in-te-grated tools
 []


Underfull \hbox (badness 10000) in paragraph at lines 217--217
\T1/cmr/m/n/10.95 (e.g., OWASP
 []


Underfull \hbox (badness 10000) in paragraph at lines 217--217
\T1/cmr/m/n/10.95 ZAP, Nmap,
 []


Underfull \hbox (badness 1253) in paragraph at lines 217--217
[]|\T1/cmr/m/n/10.95 The sys-tem shall
 []


Underfull \hbox (badness 1708) in paragraph at lines 217--217
\T1/cmr/m/n/10.95 in-te-grate ex-ter-nal
 []


Underfull \hbox (badness 7888) in paragraph at lines 217--217
\T1/cmr/m/n/10.95 and cor-re-late it
 []


Underfull \hbox (badness 2326) in paragraph at lines 217--217
\T1/cmr/m/n/10.95 with in-ter-nal as-
 []


Underfull \hbox (badness 1253) in paragraph at lines 217--217
[]|\T1/cmr/m/n/10.95 The sys-tem shall
 []


Underfull \hbox (badness 7649) in paragraph at lines 217--217
\T1/cmr/m/n/10.95 au-to-mate threat-
 []


Underfull \hbox (badness 10000) in paragraph at lines 217--217
\T1/cmr/m/n/10.95 to-test map-ping
 []


Underfull \hbox (badness 1253) in paragraph at lines 217--217
[]|\T1/cmr/m/n/10.95 The sys-tem shall
 []


Underfull \hbox (badness 10000) in paragraph at lines 217--217
\T1/cmr/m/n/10.95 tin-u-ous feed-back
 []


Underfull \hbox (badness 10000) in paragraph at lines 217--217
\T1/cmr/m/n/10.95 loop to re-fine
 []


Underfull \hbox (badness 1253) in paragraph at lines 217--217
[]|\T1/cmr/m/n/10.95 The sys-tem shall
 []


Underfull \hbox (badness 10000) in paragraph at lines 217--217
\T1/cmr/m/n/10.95 gen-er-ate vi-sual
 []


Underfull \hbox (badness 10000) in paragraph at lines 217--217
\T1/cmr/m/n/10.95 dash-boards and
 []


Underfull \hbox (badness 10000) in paragraph at lines 217--217
\T1/cmr/m/n/10.95 struc-tured se-cu-
 []


Underfull \hbox (badness 10000) in paragraph at lines 217--217
\T1/cmr/m/n/10.95 rity re-ports for
 []


Underfull \hbox (badness 1253) in paragraph at lines 217--217
[]|\T1/cmr/m/n/10.95 The sys-tem shall
 []


Underfull \hbox (badness 10000) in paragraph at lines 217--217
\T1/cmr/m/n/10.95 main-tain se-cure,
 []


Underfull \hbox (badness 10000) in paragraph at lines 217--217
\T1/cmr/m/n/10.95 trace-able stor-age
 []


Underfull \hbox (badness 10000) in paragraph at lines 217--217
\T1/cmr/m/n/10.95 of all se-cu-rity
 []


Underfull \hbox (badness 10000) in paragraph at lines 217--217
[]|\T1/cmr/m/n/10.95 The sys-tem
 []


Underfull \hbox (badness 10000) in paragraph at lines 217--217
\T1/cmr/m/n/10.95 shall sup-port
 []


Underfull \hbox (badness 4441) in paragraph at lines 217--217
\T1/cmr/m/n/10.95 tainer-ized test-ing
 []


Overfull \hbox (259.4418pt too wide) in alignment at lines 242--242
[][] 
 []

[21]) (chapters/chapter4.tex [22]
Chapter 4.
<media/image1.png, id=709, 742.775pt x 1182.4175pt>
File: media/image1.png Graphic file (type png)
<use media/image1.png>
Package pdftex.def Info: media/image1.png  used on input line 10.
(pdftex.def)             Requested size: 362.37569pt x 576.86374pt.
[23

] [24 <./media/image1.png>]
<media/image2.png, id=720, 1975.38pt x 2071.74pt>
File: media/image2.png Graphic file (type png)
<use media/image2.png>
Package pdftex.def Info: media/image2.png  used on input line 23.
(pdftex.def)             Requested size: 362.37569pt x 380.04146pt.
 [25 <./media/image2.png>] [26]
<media/image3.png, id=733, 1493.58pt x 562.1pt>
File: media/image3.png Graphic file (type png)
<use media/image3.png>
Package pdftex.def Info: media/image3.png  used on input line 64.
(pdftex.def)             Requested size: 362.37569pt x 136.37341pt.
 [27 <./media/image3.png>] [28] [29]
<media/image4.png, id=754, 2922.92pt x 1589.94pt>
File: media/image4.png Graphic file (type png)
<use media/image4.png>
Package pdftex.def Info: media/image4.png  used on input line 121.
(pdftex.def)             Requested size: 362.37569pt x 197.11656pt.
 [30 <./media/image4.png>] [31] [32] [33]
<media/image5.png, id=777, 1654.18pt x 314.17375pt>
File: media/image5.png Graphic file (type png)
<use media/image5.png>
Package pdftex.def Info: media/image5.png  used on input line 190.
(pdftex.def)             Requested size: 362.37569pt x 68.82121pt.
 [34 <./media/image5.png>] [35]
<media/image6.png, id=789, 3452.9pt x 1397.22pt>
File: media/image6.png Graphic file (type png)
<use media/image6.png>
Package pdftex.def Info: media/image6.png  used on input line 229.
(pdftex.def)             Requested size: 362.37569pt x 146.61649pt.
 [36] [37 <./media/image6.png>] [38] [39] [40] [41] [42]
Overfull \hbox (1.39212pt too wide) in paragraph at lines 346--347
[]\T1/cmr/m/n/12 The gen-er-at-eDFD func-tion ac-cepts sys-tem ar-chi-tec-ture 
de-scrip-tions in JSON or YAML
 []

[43] [44]
<media/image7.png, id=838, 1622.06pt x 497.86pt>
File: media/image7.png Graphic file (type png)
<use media/image7.png>
Package pdftex.def Info: media/image7.png  used on input line 384.
(pdftex.def)             Requested size: 362.37569pt x 111.2236pt.

Overfull \hbox (6.93636pt too wide) in paragraph at lines 395--396
[]\T1/cmr/m/n/12 The schema de-sign in-cludes a users ta-ble with id, email, ro
le, cre-ated_at, and last_login
 []

[45 <./media/image7.png>] [46] [47]
Overfull \hbox (1.74976pt too wide) in paragraph at lines 435--436
\T1/cmr/m/n/12 JSON or JSONB, la-bel, and times-tamp fields. The mod-els ta-ble
 con-tains id, model_name,
 []

[48]
<media/image8.png, id=863, 1365.1pt x 289.08pt>
File: media/image8.png Graphic file (type png)
<use media/image8.png>
Package pdftex.def Info: media/image8.png  used on input line 453.
(pdftex.def)             Requested size: 362.37569pt x 76.73816pt.
 [49 <./media/image8.png>] [50] [51]
Overfull \hbox (5.68799pt too wide) in paragraph at lines 512--513
[]\T1/cmr/m/n/12 Notification types in-clude Crit-i-cal Se-cu-rity Alerts for b
rute-force at-tacks, data breaches,
 []


Overfull \hbox (12.44072pt too wide) in paragraph at lines 514--515
[]\T1/cmr/m/n/12 The dis-patcher re-ceives from the Alert En-gine in Layer 7.2 
for se-cu-rity alerts, Prometheus
 []

<media/image9.png, id=882, 1813.77625pt x 1188.44pt>
File: media/image9.png Graphic file (type png)
<use media/image9.png>
Package pdftex.def Info: media/image9.png  used on input line 520.
(pdftex.def)             Requested size: 362.37569pt x 237.42992pt.
[52] [53 <./media/image9.png>]
Overfull \hbox (4.64789pt too wide) in paragraph at lines 537--538
[]\T1/cmr/m/n/12 The Se-cu-rity Con-trols Ef-fec-tive-ness Eval-u-a-tor as-sess
es ex-ist-ing se-cu-rity con-trols against
 []


Overfull \hbox (7.06271pt too wide) in paragraph at lines 537--538
\T1/cmr/m/n/12 iden-ti-fied threats, ac-cept-ing or-ga-ni-za-tion's se-cu-rity 
con-trols in-ven-tory and iden-ti-fied threats
 []

[54]
<media/image10.png, id=898, 405.76593pt x 316.93407pt>
File: media/image10.png Graphic file (type png)
<use media/image10.png>
Package pdftex.def Info: media/image10.png  used on input line 560.
(pdftex.def)             Requested size: 362.37569pt x 283.05214pt.
 [55]
<media/image11.png, id=903, 347.04657pt x 316.93407pt>
File: media/image11.png Graphic file (type png)
<use media/image11.png>
Package pdftex.def Info: media/image11.png  used on input line 570.
(pdftex.def)             Requested size: 362.37569pt x 330.94322pt.
 [56 <./media/image10.png>]
<media/image12.png, id=909, 511.9125pt x 512.66531pt>
File: media/image12.png Graphic file (type png)
<use media/image12.png>
Package pdftex.def Info: media/image12.png  used on input line 580.
(pdftex.def)             Requested size: 362.37569pt x 362.90756pt.
 [57 <./media/image11.png>]
<media/image13.png, id=916, 471.26062pt x 238.64156pt>
File: media/image13.png Graphic file (type png)
<use media/image13.png>
Package pdftex.def Info: media/image13.png  used on input line 590.
(pdftex.def)             Requested size: 362.37569pt x 183.50694pt.
 [58 <./media/image12.png>]
<media/image14.png, id=922, 445.665pt x 332.74312pt>
File: media/image14.png Graphic file (type png)
<use media/image14.png>
Package pdftex.def Info: media/image14.png  used on input line 600.
(pdftex.def)             Requested size: 362.37569pt x 270.56128pt.
 [59 <./media/image13.png> <./media/image14.png>]
<media/image15.png, id=929, 252.19218pt x 475.02469pt>
File: media/image15.png Graphic file (type png)
<use media/image15.png>
Package pdftex.def Info: media/image15.png  used on input line 610.
(pdftex.def)             Requested size: 362.37569pt x 682.57086pt.
 [60] [61]
Overfull \vbox (39.2114pt too high) has occurred while \output is active []


[62 <./media/image15.png>]
<media/image16.png, id=943, 551.81157pt x 331.99031pt>
File: media/image16.png Graphic file (type png)
<use media/image16.png>
Package pdftex.def Info: media/image16.png  used on input line 620.
(pdftex.def)             Requested size: 362.37569pt x 218.02513pt.
<media/image17.png, id=944, 362.85562pt x 353.82187pt>
File: media/image17.png Graphic file (type png)
<use media/image17.png>
Package pdftex.def Info: media/image17.png  used on input line 630.
(pdftex.def)             Requested size: 362.37569pt x 353.36209pt.
 [63 <./media/image16.png>]
<media/image18.png, id=951, 362.10281pt x 463.7325pt>
File: media/image18.png Graphic file (type png)
<use media/image18.png>
Package pdftex.def Info: media/image18.png  used on input line 641.
(pdftex.def)             Requested size: 362.37569pt x 464.09222pt.
 [64 <./media/image17.png>]
<media/image19.png, id=957, 359.09157pt x 445.665pt>
File: media/image19.png Graphic file (type png)
<use media/image19.png>
Package pdftex.def Info: media/image19.png  used on input line 652.
(pdftex.def)             Requested size: 362.37569pt x 449.77129pt.
 [65 <./media/image18.png>]
<media/image20.png, id=963, 238.64156pt x 359.09157pt>
File: media/image20.png Graphic file (type png)
<use media/image20.png>
Package pdftex.def Info: media/image20.png  used on input line 663.
(pdftex.def)             Requested size: 362.37569pt x 545.30978pt.
 [66 <./media/image19.png>] [67 <./media/image20.png>]
<media/image21.png, id=974, 332.74312pt x 386.19281pt>
File: media/image21.png Graphic file (type png)
<use media/image21.png>
Package pdftex.def Info: media/image21.png  used on input line 674.
(pdftex.def)             Requested size: 362.37569pt x 420.6118pt.
<media/image22.png, id=975, 253.69781pt x 432.11438pt>
File: media/image22.png Graphic file (type png)
<use media/image22.png>
Package pdftex.def Info: media/image22.png  used on input line 685.
(pdftex.def)             Requested size: 362.37569pt x 617.23973pt.
 [68 <./media/image21.png>] [69 <./media/image22.png>]
<media/image23.png, id=987, 256.70906pt x 453.19313pt>
File: media/image23.png Graphic file (type png)
<use media/image23.png>
Package pdftex.def Info: media/image23.png  used on input line 696.
(pdftex.def)             Requested size: 362.37569pt x 639.78381pt.
 [70] [71 <./media/image23.png>]
<media/image24.png, id=997, 319.1925pt x 478.03593pt>
File: media/image24.png Graphic file (type png)
<use media/image24.png>
Package pdftex.def Info: media/image24.png  used on input line 707.
(pdftex.def)             Requested size: 362.37569pt x 542.7127pt.
 [72] [73 <./media/image24.png>]) (chapters/chapter5.tex [74]
Chapter 5.
) (backmatter/references.tex [75

] [76

]) [77] (main.aux)
 ***********
LaTeX2e <2023-11-01> patch level 1
L3 programming layer <2024-01-04>
 ***********


Package rerunfilecheck Warning: File `main.out' has changed.
(rerunfilecheck)                Rerun to get outlines right
(rerunfilecheck)                or use package `bookmark'.

Package rerunfilecheck Info: Checksums for `main.out':
(rerunfilecheck)             Before: 72B3F149115091C60BFC9C229BB1B519;13829
(rerunfilecheck)             After:  2C1F9EB1FB6D837E84CFE10E46B939A9;13965.
 ) 
Here is how much of TeX's memory you used:
 16484 strings out of 474486
 257473 string characters out of 5757812
 1941542 words of memory out of 5000000
 38216 multiletter control sequences out of 15000+600000
 575241 words of font info for 76 fonts, out of 8000000 for 9000
 1141 hyphenation exceptions out of 8191
 80i,12n,82p,1059b,601s stack positions out of 10000i,1000n,20000p,200000b,200000s
 <C:\Users\NewVision\AppData\Local\MiKTeX\fonts/pk/ljfour/jknappen/ec/dpi600\
ecti1200.pk> <C:\Users\NewVision\AppData\Local\MiKTeX\fonts/pk/ljfour/jknappen/
ec/dpi600\tcrm1095.pk> <C:\Users\NewVision\AppData\Local\MiKTeX\fonts/pk/ljfour
/jknappen/ec/dpi600\tcbx1200.pk> <C:\Users\NewVision\AppData\Local\MiKTeX\fonts
/pk/ljfour/jknappen/ec/dpi600\tcrm1200.pk> <C:\Users\NewVision\AppData\Local\Mi
KTeX\fonts/pk/ljfour/jknappen/ec/dpi600\ecbx1728.pk> <C:\Users\NewVision\AppDat
a\Local\MiKTeX\fonts/pk/ljfour/jknappen/ec/dpi600\ecrm1095.pk> <C:\Users\NewVis
ion\AppData\Local\MiKTeX\fonts/pk/ljfour/jknappen/ec/dpi600\ecbx1095.pk> <C:\Us
ers\NewVision\AppData\Local\MiKTeX\fonts/pk/ljfour/jknappen/ec/dpi600\ecbx1200.
pk> <C:\Users\NewVision\AppData\Local\MiKTeX\fonts/pk/ljfour/jknappen/ec/dpi600
\ecrm1440.pk> <C:\Users\NewVision\AppData\Local\MiKTeX\fonts/pk/ljfour/jknappen
/ec/dpi600\ecrm1200.pk> <C:\Users\NewVision\AppData\Local\MiKTeX\fonts/pk/ljfou
r/jknappen/ec/dpi600\ecbx1440.pk> <C:\Users\NewVision\AppData\Local\MiKTeX\font
s/pk/ljfour/jknappen/ec/dpi600\ecbx2488.pk> <C:\Users\NewVision\AppData\Local\M
iKTeX\fonts/pk/ljfour/jknappen/ec/dpi600\ecrm1728.pk> <C:\Users\NewVision\AppDa
ta\Local\MiKTeX\fonts/pk/ljfour/jknappen/ec/dpi600\ecbx2074.pk>
Output written on main.pdf (87 pages, 2261686 bytes).
PDF statistics:
 1660 PDF objects out of 1728 (max. 8388607)
 297 named destinations out of 1000 (max. 500000)
 806 words of extra memory for PDF output out of 10000 (max. 10000000)

