\BOOKMARK [0][-]{chapter*.1}{\376\377\000A\000b\000s\000t\000r\000a\000c\000t}{}% 1
\BOOKMARK [0][-]{chapter*.2}{\376\377\000A\000c\000k\000n\000o\000w\000l\000e\000d\000g\000m\000e\000n\000t\000s}{}% 2
\BOOKMARK [0][-]{chapter*.2}{\376\377\000T\000a\000b\000l\000e\000\040\000o\000f\000\040\000C\000o\000n\000t\000e\000n\000t\000s}{}% 3
\BOOKMARK [0][-]{chapter*.2}{\376\377\000L\000i\000s\000t\000\040\000o\000f\000\040\000F\000i\000g\000u\000r\000e\000s}{}% 4
\BOOKMARK [0][-]{chapter*.2}{\376\377\000L\000i\000s\000t\000\040\000o\000f\000\040\000T\000a\000b\000l\000e\000s}{}% 5
\BOOKMARK [0][-]{chapter*.3}{\376\377\000L\000i\000s\000t\000\040\000o\000f\000\040\000A\000b\000b\000r\000e\000v\000i\000a\000t\000i\000o\000n\000s}{}% 6
\BOOKMARK [0][-]{chapter.1}{\376\377\000I\000n\000t\000r\000o\000d\000u\000c\000t\000i\000o\000n}{}% 7
\BOOKMARK [1][-]{section.1.1}{\376\377\000I\000n\000t\000r\000o\000d\000u\000c\000t\000i\000o\000n}{chapter.1}% 8
\BOOKMARK [1][-]{section.1.2}{\376\377\000P\000r\000o\000b\000l\000e\000m\000\040\000S\000t\000a\000t\000e\000m\000e\000n\000t}{chapter.1}% 9
\BOOKMARK [1][-]{section.1.3}{\376\377\000M\000o\000t\000i\000v\000a\000t\000i\000o\000n}{chapter.1}% 10
\BOOKMARK [1][-]{section.1.4}{\376\377\000P\000r\000o\000j\000e\000c\000t\000\040\000O\000b\000j\000e\000c\000t\000i\000v\000e\000s}{chapter.1}% 11
\BOOKMARK [1][-]{section.1.5}{\376\377\000E\000x\000p\000e\000c\000t\000e\000d\000\040\000S\000o\000l\000u\000t\000i\000o\000n\000s}{chapter.1}% 12
\BOOKMARK [2][-]{subsection.1.5.1}{\376\377\000T\000h\000r\000e\000a\000t\000-\000D\000r\000i\000v\000e\000n\000\040\000T\000e\000s\000t\000i\000n\000g\000\040\000F\000r\000a\000m\000e\000w\000o\000r\000k}{section.1.5}% 13
\BOOKMARK [2][-]{subsection.1.5.2}{\376\377\000A\000u\000t\000o\000m\000a\000t\000e\000d\000\040\000T\000h\000r\000e\000a\000t\000\040\000M\000a\000p\000p\000i\000n\000g}{section.1.5}% 14
\BOOKMARK [2][-]{subsection.1.5.3}{\376\377\000D\000y\000n\000a\000m\000i\000c\000\040\000S\000c\000o\000p\000e\000\040\000D\000e\000f\000i\000n\000i\000t\000i\000o\000n}{section.1.5}% 15
\BOOKMARK [2][-]{subsection.1.5.4}{\376\377\000C\000e\000n\000t\000r\000a\000l\000i\000z\000e\000d\000\040\000D\000o\000c\000u\000m\000e\000n\000t\000a\000t\000i\000o\000n}{section.1.5}% 16
\BOOKMARK [2][-]{subsection.1.5.5}{\376\377\000R\000i\000s\000k\000\040\000P\000r\000i\000o\000r\000i\000t\000i\000z\000a\000t\000i\000o\000n\000\040\000a\000n\000d\000\040\000V\000i\000s\000u\000a\000l\000i\000z\000a\000t\000i\000o\000n}{section.1.5}% 17
\BOOKMARK [2][-]{subsection.1.5.6}{\376\377\000C\000o\000n\000t\000i\000n\000u\000o\000u\000s\000\040\000F\000e\000e\000d\000b\000a\000c\000k\000\040\000a\000n\000d\000\040\000I\000m\000p\000r\000o\000v\000e\000m\000e\000n\000t\000\040\000L\000o\000o\000p}{section.1.5}% 18
\BOOKMARK [2][-]{subsection.1.5.7}{\376\377\000C\000o\000l\000l\000a\000b\000o\000r\000a\000t\000i\000o\000n\000\040\000a\000n\000d\000\040\000R\000o\000l\000e\000\040\000I\000n\000t\000e\000g\000r\000a\000t\000i\000o\000n}{section.1.5}% 19
\BOOKMARK [2][-]{subsection.1.5.8}{\376\377\000C\000o\000m\000p\000r\000e\000h\000e\000n\000s\000i\000v\000e\000\040\000R\000e\000p\000o\000r\000t\000i\000n\000g}{section.1.5}% 20
\BOOKMARK [1][-]{section.1.6}{\376\377\000S\000y\000s\000t\000e\000m\000\040\000S\000c\000o\000p\000e}{chapter.1}% 21
\BOOKMARK [1][-]{section.1.7}{\376\377\000O\000u\000t\000\040\000o\000f\000\040\000S\000c\000o\000p\000e}{chapter.1}% 22
\BOOKMARK [2][-]{subsection.1.7.1}{\376\377\000D\000e\000v\000e\000l\000o\000p\000m\000e\000n\000t\000\040\000o\000f\000\040\000a\000\040\000W\000e\000b\000s\000i\000t\000e\000\040\000o\000r\000\040\000W\000e\000b\000-\000B\000a\000s\000e\000d\000\040\000S\000e\000r\000v\000i\000c\000e}{section.1.7}% 23
\BOOKMARK [2][-]{subsection.1.7.2}{\376\377\000D\000a\000s\000h\000b\000o\000a\000r\000d\000s\000\040\000t\000h\000a\000t\000\040\000V\000i\000s\000u\000a\000l\000i\000z\000e}{section.1.7}% 24
\BOOKMARK [1][-]{section.1.8}{\376\377\000E\000x\000p\000e\000c\000t\000e\000d\000\040\000O\000u\000t\000c\000o\000m\000e\000s}{chapter.1}% 25
\BOOKMARK [1][-]{section.1.9}{\376\377\000C\000o\000n\000c\000l\000u\000s\000i\000o\000n}{chapter.1}% 26
\BOOKMARK [0][-]{chapter.2}{\376\377\000L\000i\000t\000e\000r\000a\000t\000u\000r\000e\000\040\000R\000e\000v\000i\000e\000w}{}% 27
\BOOKMARK [1][-]{section.2.1}{\376\377\000I\000n\000t\000r\000o\000d\000u\000c\000t\000i\000o\000n}{chapter.2}% 28
\BOOKMARK [1][-]{section.2.2}{\376\377\000F\000o\000u\000n\000d\000a\000t\000i\000o\000n\000a\000l\000\040\000T\000h\000r\000e\000a\000t\000\040\000M\000o\000d\000e\000l\000i\000n\000g\000\040\000A\000p\000p\000r\000o\000a\000c\000h\000e\000s}{chapter.2}% 29
\BOOKMARK [1][-]{section.2.3}{\376\377\000A\000u\000t\000o\000m\000a\000t\000e\000d\000\040\000a\000n\000d\000\040\000A\000I\000-\000e\000n\000h\000a\000n\000c\000e\000d\000\040\000T\000h\000r\000e\000a\000t\000\040\000M\000o\000d\000e\000l\000i\000n\000g}{chapter.2}% 30
\BOOKMARK [1][-]{section.2.4}{\376\377\000I\000n\000t\000e\000g\000r\000a\000t\000i\000o\000n\000\040\000o\000f\000\040\000T\000h\000r\000e\000a\000t\000\040\000M\000o\000d\000e\000l\000i\000n\000g\000\040\000w\000i\000t\000h\000\040\000P\000e\000n\000e\000t\000r\000a\000t\000i\000o\000n\000\040\000T\000e\000s\000t\000i\000n\000g}{chapter.2}% 31
\BOOKMARK [1][-]{section.2.5}{\376\377\000C\000o\000m\000p\000a\000r\000a\000t\000i\000v\000e\000\040\000S\000u\000m\000m\000a\000r\000y\000\040\000a\000n\000d\000\040\000R\000e\000s\000e\000a\000r\000c\000h\000\040\000G\000a\000p\000s}{chapter.2}% 32
\BOOKMARK [2][-]{subsection.2.5.1}{\376\377\000C\000o\000m\000p\000a\000r\000a\000t\000i\000v\000e\000\040\000F\000e\000a\000t\000u\000r\000e\000s\000\040\000M\000a\000t\000r\000i\000x}{section.2.5}% 33
\BOOKMARK [2][-]{subsection.2.5.2}{\376\377\000R\000e\000s\000e\000a\000r\000c\000h\000\040\000G\000a\000p\000\040\000S\000u\000m\000m\000a\000r\000y}{section.2.5}% 34
\BOOKMARK [1][-]{section.2.6}{\376\377\000C\000u\000r\000r\000e\000n\000t\000l\000y\000\040\000A\000v\000a\000i\000l\000a\000b\000l\000e\000\040\000S\000o\000l\000u\000t\000i\000o\000n\000s\000\040\000a\000n\000d\000\040\000F\000e\000a\000t\000u\000r\000e\000s\000\040\000M\000a\000t\000r\000i\000x}{chapter.2}% 35
\BOOKMARK [2][-]{subsection.2.6.1}{\376\377\000C\000o\000m\000m\000e\000r\000c\000i\000a\000l\000\040\000S\000o\000l\000u\000t\000i\000o\000n\000s}{section.2.6}% 36
\BOOKMARK [2][-]{subsection.2.6.2}{\376\377\000O\000p\000e\000n\000-\000S\000o\000u\000r\000c\000e\000\040\000S\000o\000l\000u\000t\000i\000o\000n\000s}{section.2.6}% 37
\BOOKMARK [2][-]{subsection.2.6.3}{\376\377\000G\000a\000p\000\040\000A\000n\000a\000l\000y\000s\000i\000s}{section.2.6}% 38
\BOOKMARK [1][-]{section.2.7}{\376\377\000T\000o\000o\000l\000s\000\040\000B\000a\000c\000k\000g\000r\000o\000u\000n\000d}{chapter.2}% 39
\BOOKMARK [2][-]{subsection.2.7.1}{\376\377\000T\000h\000r\000e\000a\000t\000\040\000M\000o\000d\000e\000l\000i\000n\000g\000\040\000F\000r\000a\000m\000e\000w\000o\000r\000k\000s\000\040\000a\000n\000d\000\040\000S\000t\000a\000n\000d\000a\000r\000d\000s}{section.2.7}% 40
\BOOKMARK [2][-]{subsection.2.7.2}{\376\377\000P\000e\000n\000e\000t\000r\000a\000t\000i\000o\000n\000\040\000T\000e\000s\000t\000i\000n\000g\000\040\000T\000o\000o\000l\000s}{section.2.7}% 41
\BOOKMARK [2][-]{subsection.2.7.3}{\376\377\000V\000u\000l\000n\000e\000r\000a\000b\000i\000l\000i\000t\000y\000\040\000A\000s\000s\000e\000s\000s\000m\000e\000n\000t\000\040\000T\000o\000o\000l\000s}{section.2.7}% 42
\BOOKMARK [2][-]{subsection.2.7.4}{\376\377\000A\000u\000t\000o\000m\000a\000t\000i\000o\000n\000\040\000a\000n\000d\000\040\000I\000n\000t\000e\000g\000r\000a\000t\000i\000o\000n\000\040\000F\000r\000a\000m\000e\000w\000o\000r\000k\000s}{section.2.7}% 43
\BOOKMARK [2][-]{subsection.2.7.5}{\376\377\000A\000r\000t\000i\000f\000i\000c\000i\000a\000l\000\040\000I\000n\000t\000e\000l\000l\000i\000g\000e\000n\000c\000e\000\040\000a\000n\000d\000\040\000M\000a\000c\000h\000i\000n\000e\000\040\000L\000e\000a\000r\000n\000i\000n\000g\000\040\000T\000o\000o\000l\000s}{section.2.7}% 44
\BOOKMARK [2][-]{subsection.2.7.6}{\376\377\000T\000h\000r\000e\000a\000t\000\040\000I\000n\000t\000e\000l\000l\000i\000g\000e\000n\000c\000e\000\040\000P\000l\000a\000t\000f\000o\000r\000m\000s}{section.2.7}% 45
\BOOKMARK [2][-]{subsection.2.7.7}{\376\377\000C\000o\000n\000t\000a\000i\000n\000e\000r\000i\000z\000a\000t\000i\000o\000n\000\040\000a\000n\000d\000\040\000V\000i\000r\000t\000u\000a\000l\000i\000z\000a\000t\000i\000o\000n\000\040\000T\000e\000c\000h\000n\000o\000l\000o\000g\000i\000e\000s}{section.2.7}% 46
\BOOKMARK [1][-]{section.2.8}{\376\377\000S\000u\000m\000m\000a\000r\000y}{chapter.2}% 47
\BOOKMARK [0][-]{chapter.3}{\376\377\000R\000e\000q\000u\000i\000r\000e\000m\000e\000n\000t\000s\000\040\000A\000n\000a\000l\000y\000s\000i\000s}{}% 48
\BOOKMARK [1][-]{section.3.1}{\376\377\000C\000h\000a\000p\000t\000e\000r\000\040\000O\000v\000e\000r\000v\000i\000e\000w}{chapter.3}% 49
\BOOKMARK [1][-]{section.3.2}{\376\377\000B\000u\000s\000i\000n\000e\000s\000s\000\040\000R\000e\000q\000u\000i\000r\000e\000m\000e\000n\000t\000s\000\040\000I\000d\000e\000n\000t\000i\000f\000i\000c\000a\000t\000i\000o\000n}{chapter.3}% 50
\BOOKMARK [2][-]{subsection.3.2.1}{\376\377\000S\000o\000f\000t\000w\000a\000r\000e\000\040\000D\000e\000v\000e\000l\000o\000p\000m\000e\000n\000t\000\040\000M\000e\000t\000h\000o\000d\000o\000l\000o\000g\000y}{section.3.2}% 51
\BOOKMARK [2][-]{subsection.3.2.2}{\376\377\000J\000u\000s\000t\000i\000f\000i\000c\000a\000t\000i\000o\000n\000\040\000f\000o\000r\000\040\000S\000c\000r\000u\000m\000\040\000S\000e\000l\000e\000c\000t\000i\000o\000n}{section.3.2}% 52
\BOOKMARK [2][-]{subsection.3.2.3}{\376\377\000S\000c\000r\000u\000m\000-\000B\000a\000s\000e\000d\000\040\000D\000e\000v\000e\000l\000o\000p\000m\000e\000n\000t\000\040\000P\000l\000a\000n}{section.3.2}% 53
\BOOKMARK [1][-]{section.3.3}{\376\377\000U\000s\000e\000r\000\040\000F\000u\000n\000c\000t\000i\000o\000n\000a\000l\000\040\000R\000e\000q\000u\000i\000r\000e\000m\000e\000n\000t\000s}{chapter.3}% 54
\BOOKMARK [2][-]{subsection.3.3.1}{\376\377\000U\000s\000e\000r\000\040\000R\000o\000l\000e\000s}{section.3.3}% 55
\BOOKMARK [2][-]{subsection.3.3.2}{\376\377\000U\000s\000e\000r\000\040\000F\000u\000n\000c\000t\000i\000o\000n\000a\000l\000\040\000R\000e\000q\000u\000i\000r\000e\000m\000e\000n\000t\000s}{section.3.3}% 56
\BOOKMARK [1][-]{section.3.4}{\376\377\000S\000y\000s\000t\000e\000m\000\040\000F\000u\000n\000c\000t\000i\000o\000n\000a\000l\000\040\000a\000n\000d\000\040\000N\000o\000n\000-\000F\000u\000n\000c\000t\000i\000o\000n\000a\000l\000\040\000R\000e\000q\000u\000i\000r\000e\000m\000e\000n\000t\000s}{chapter.3}% 57
\BOOKMARK [2][-]{subsection.3.4.1}{\376\377\000S\000y\000s\000t\000e\000m\000\040\000F\000u\000n\000c\000t\000i\000o\000n\000a\000l\000\040\000R\000e\000q\000u\000i\000r\000e\000m\000e\000n\000t\000s}{section.3.4}% 58
\BOOKMARK [2][-]{subsection.3.4.2}{\376\377\000N\000o\000n\000-\000F\000u\000n\000c\000t\000i\000o\000n\000a\000l\000\040\000R\000e\000q\000u\000i\000r\000e\000m\000e\000n\000t\000s}{section.3.4}% 59
\BOOKMARK [1][-]{section.3.5}{\376\377\000S\000y\000s\000t\000e\000m\000\040\000E\000v\000a\000l\000u\000a\000t\000i\000o\000n\000\040\000a\000n\000d\000\040\000V\000a\000l\000i\000d\000a\000t\000i\000o\000n\000\040\000C\000r\000i\000t\000e\000r\000i\000a}{chapter.3}% 60
\BOOKMARK [1][-]{section.3.6}{\376\377\000C\000h\000a\000p\000t\000e\000r\000\040\000S\000u\000m\000m\000a\000r\000y}{chapter.3}% 61
\BOOKMARK [0][-]{chapter.4}{\376\377\000S\000y\000s\000t\000e\000m\000\040\000D\000e\000s\000i\000g\000n}{}% 62
\BOOKMARK [1][-]{section.4.1}{\376\377\000I\000n\000t\000r\000o\000d\000u\000c\000t\000i\000o\000n}{chapter.4}% 63
\BOOKMARK [2][-]{subsection.4.1.1}{\376\377\000I\000n\000t\000e\000g\000r\000a\000t\000e\000d\000\040\000S\000e\000r\000v\000i\000c\000e\000s\000\040\000a\000n\000d\000\040\000C\000o\000r\000e\000\040\000A\000P\000I\000s}{section.4.1}% 64
\BOOKMARK [1][-]{section.4.2}{\376\377\000A\000r\000c\000h\000i\000t\000e\000c\000t\000u\000r\000a\000l\000\040\000O\000v\000e\000r\000v\000i\000e\000w}{chapter.4}% 65
\BOOKMARK [1][-]{section.4.3}{\376\377\000L\000a\000y\000e\000r\000\040\000D\000e\000s\000c\000r\000i\000p\000t\000i\000o\000n\000s}{chapter.4}% 66
\BOOKMARK [2][-]{subsection.4.3.1}{\376\377\000L\000a\000y\000e\000r\000\040\0001\000\040\040\024\000\040\000U\000s\000e\000r\000\040\000L\000a\000y\000e\000r}{section.4.3}% 67
\BOOKMARK [2][-]{subsection.4.3.2}{\376\377\000L\000a\000y\000e\000r\000\040\0002\000\040\040\024\000\040\000E\000d\000g\000e\000\040\000L\000a\000y\000e\000r}{section.4.3}% 68
\BOOKMARK [2][-]{subsection.4.3.3}{\376\377\000L\000a\000y\000e\000r\000\040\0003\000\040\040\024\000\040\000F\000r\000o\000n\000t\000e\000n\000d\000\040\000L\000a\000y\000e\000r}{section.4.3}% 69
\BOOKMARK [2][-]{subsection.4.3.4}{\376\377\000L\000a\000y\000e\000r\000\040\0004\000\040\040\024\000\040\000A\000P\000I\000\040\000G\000a\000t\000e\000w\000a\000y\000\040\000a\000n\000d\000\040\000M\000i\000d\000d\000l\000e\000w\000a\000r\000e\000\040\000L\000a\000y\000e\000r}{section.4.3}% 70
\BOOKMARK [2][-]{subsection.4.3.5}{\376\377\000L\000a\000y\000e\000r\000\040\0005\000\040\040\024\000\040\000B\000a\000c\000k\000e\000n\000d\000\040\000S\000e\000r\000v\000i\000c\000e\000s\000\040\000L\000a\000y\000e\000r}{section.4.3}% 71
\BOOKMARK [2][-]{subsection.4.3.6}{\376\377\000L\000a\000y\000e\000r\000\040\0006\000a\000\040\040\024\000\040\000I\000n\000t\000e\000l\000l\000i\000g\000e\000n\000c\000e\000\040\000a\000n\000d\000\040\000M\000o\000n\000i\000t\000o\000r\000i\000n\000g\000\040\000L\000a\000y\000e\000r}{section.4.3}% 72
\BOOKMARK [2][-]{subsection.4.3.7}{\376\377\000L\000a\000y\000e\000r\000\040\0006\000b\000\040\040\024\000\040\000D\000a\000t\000a\000\040\000L\000a\000y\000e\000r}{section.4.3}% 73
\BOOKMARK [2][-]{subsection.4.3.8}{\376\377\000L\000a\000y\000e\000r\000\040\0007\000\040\040\024\000\040\000T\000h\000r\000e\000a\000t\000\040\000a\000n\000d\000\040\000R\000i\000s\000k\000\040\000E\000n\000g\000i\000n\000e}{section.4.3}% 74
\BOOKMARK [1][-]{section.4.4}{\376\377\000S\000y\000s\000t\000e\000m\000\040\000M\000o\000d\000e\000l\000i\000n\000g\000\040\000D\000i\000a\000g\000r\000a\000m\000s}{chapter.4}% 75
\BOOKMARK [2][-]{subsection.4.4.1}{\376\377\000U\000s\000e\000\040\000C\000a\000s\000e\000\040\000D\000i\000a\000g\000r\000a\000m}{section.4.4}% 76
\BOOKMARK [2][-]{subsection.4.4.2}{\376\377\000S\000e\000q\000u\000e\000n\000c\000e\000\040\000D\000i\000a\000g\000r\000a\000m\000s}{section.4.4}% 77
\BOOKMARK [2][-]{subsection.4.4.3}{\376\377\000E\000n\000t\000i\000t\000y\000\040\000R\000e\000l\000a\000t\000i\000o\000n\000s\000h\000i\000p\000\040\000D\000i\000a\000g\000r\000a\000m\000\040\000\050\000E\000R\000D\000\051}{section.4.4}% 78
\BOOKMARK [2][-]{subsection.4.4.4}{\376\377\000C\000l\000a\000s\000s\000\040\000D\000i\000a\000g\000r\000a\000m}{section.4.4}% 79
\BOOKMARK [2][-]{subsection.4.4.5}{\376\377\000D\000i\000s\000c\000u\000s\000s\000i\000o\000n\000\040\000a\000n\000d\000\040\000M\000o\000d\000e\000l\000\040\000V\000a\000l\000i\000d\000a\000t\000i\000o\000n}{section.4.4}% 80
\BOOKMARK [1][-]{section.4.5}{\376\377\000S\000u\000m\000m\000a\000r\000y}{chapter.4}% 81
\BOOKMARK [0][-]{chapter.5}{\376\377\000S\000y\000s\000t\000e\000m\000\040\000I\000m\000p\000l\000e\000m\000e\000n\000t\000a\000t\000i\000o\000n}{}% 82
\BOOKMARK [1][-]{section.5.1}{\376\377\000I\000n\000t\000r\000o\000d\000u\000c\000t\000i\000o\000n\000\040\000a\000n\000d\000\040\000S\000y\000s\000t\000e\000m\000\040\000A\000r\000c\000h\000i\000t\000e\000c\000t\000u\000r\000e\000\040\000O\000v\000e\000r\000v\000i\000e\000w}{chapter.5}% 83
\BOOKMARK [1][-]{section.5.2}{\376\377\000B\000a\000c\000k\000e\000n\000d\000\040\000I\000m\000p\000l\000e\000m\000e\000n\000t\000a\000t\000i\000o\000n}{chapter.5}% 84
\BOOKMARK [1][-]{section.5.3}{\376\377\000T\000h\000r\000e\000a\000t\000\040\000M\000o\000d\000e\000l\000i\000n\000g\000\040\000E\000n\000g\000i\000n\000e\000\040\000I\000m\000p\000l\000e\000m\000e\000n\000t\000a\000t\000i\000o\000n}{chapter.5}% 85
\BOOKMARK [2][-]{subsection.5.3.1}{\376\377\000S\000T\000R\000I\000D\000E\000-\000B\000a\000s\000e\000d\000\040\000A\000n\000a\000l\000y\000s\000i\000s}{section.5.3}% 86
\BOOKMARK [2][-]{subsection.5.3.2}{\376\377\000R\000i\000s\000k\000\040\000S\000c\000o\000r\000i\000n\000g\000\040\000M\000e\000c\000h\000a\000n\000i\000s\000m}{section.5.3}% 87
\BOOKMARK [1][-]{section.5.4}{\376\377\000W\000e\000b\000s\000i\000t\000e\000\040\000P\000e\000n\000e\000t\000r\000a\000t\000i\000o\000n\000\040\000T\000e\000s\000t\000i\000n\000g\000\040\000E\000n\000g\000i\000n\000e}{chapter.5}% 88
\BOOKMARK [2][-]{subsection.5.4.1}{\376\377\000C\000r\000o\000s\000s\000-\000S\000i\000t\000e\000\040\000S\000c\000r\000i\000p\000t\000i\000n\000g\000\040\000D\000e\000t\000e\000c\000t\000i\000o\000n}{section.5.4}% 89
\BOOKMARK [2][-]{subsection.5.4.2}{\376\377\000S\000Q\000L\000\040\000I\000n\000j\000e\000c\000t\000i\000o\000n\000\040\000D\000e\000t\000e\000c\000t\000i\000o\000n}{section.5.4}% 90
\BOOKMARK [2][-]{subsection.5.4.3}{\376\377\000B\000r\000o\000k\000e\000n\000\040\000A\000c\000c\000e\000s\000s\000\040\000C\000o\000n\000t\000r\000o\000l\000\040\000D\000e\000t\000e\000c\000t\000i\000o\000n}{section.5.4}% 91
\BOOKMARK [2][-]{subsection.5.4.4}{\376\377\000E\000n\000d\000p\000o\000i\000n\000t\000\040\000D\000i\000s\000c\000o\000v\000e\000r\000y}{section.5.4}% 92
\BOOKMARK [2][-]{subsection.5.4.5}{\376\377\000T\000e\000c\000h\000n\000o\000l\000o\000g\000y\000\040\000F\000i\000n\000g\000e\000r\000p\000r\000i\000n\000t\000i\000n\000g}{section.5.4}% 93
\BOOKMARK [2][-]{subsection.5.4.6}{\376\377\000F\000i\000n\000d\000i\000n\000g\000\040\000N\000o\000r\000m\000a\000l\000i\000z\000a\000t\000i\000o\000n}{section.5.4}% 94
\BOOKMARK [1][-]{section.5.5}{\376\377\000A\000I\000-\000P\000o\000w\000e\000r\000e\000d\000\040\000M\000a\000l\000w\000a\000r\000e\000\040\000A\000n\000a\000l\000y\000s\000i\000s\000\040\000P\000i\000p\000e\000l\000i\000n\000e}{chapter.5}% 95
\BOOKMARK [2][-]{subsection.5.5.1}{\376\377\000S\000t\000a\000t\000i\000c\000\040\000A\000n\000a\000l\000y\000s\000i\000s}{section.5.5}% 96
\BOOKMARK [2][-]{subsection.5.5.2}{\376\377\000M\000u\000l\000t\000i\000-\000E\000n\000g\000i\000n\000e\000\040\000A\000n\000t\000i\000v\000i\000r\000u\000s\000\040\000A\000n\000a\000l\000y\000s\000i\000s}{section.5.5}% 97
\BOOKMARK [2][-]{subsection.5.5.3}{\376\377\000R\000e\000s\000u\000l\000t\000\040\000A\000g\000g\000r\000e\000g\000a\000t\000i\000o\000n}{section.5.5}% 98
\BOOKMARK [1][-]{section.5.6}{\376\377\000M\000a\000c\000h\000i\000n\000e\000\040\000L\000e\000a\000r\000n\000i\000n\000g\000\040\000I\000m\000p\000l\000e\000m\000e\000n\000t\000a\000t\000i\000o\000n}{chapter.5}% 99
\BOOKMARK [2][-]{subsection.5.6.1}{\376\377\000F\000e\000a\000t\000u\000r\000e\000\040\000E\000x\000t\000r\000a\000c\000t\000i\000o\000n}{section.5.6}% 100
\BOOKMARK [2][-]{subsection.5.6.2}{\376\377\000P\000r\000e\000d\000i\000c\000t\000i\000o\000n\000\040\000P\000r\000o\000c\000e\000s\000s}{section.5.6}% 101
\BOOKMARK [1][-]{section.5.7}{\376\377\000T\000h\000r\000e\000a\000t\000\040\000I\000n\000t\000e\000l\000l\000i\000g\000e\000n\000c\000e\000\040\000I\000m\000p\000l\000e\000m\000e\000n\000t\000a\000t\000i\000o\000n}{chapter.5}% 102
\BOOKMARK [2][-]{subsection.5.7.1}{\376\377\000I\000n\000d\000i\000c\000a\000t\000o\000r\000\040\000E\000x\000t\000r\000a\000c\000t\000i\000o\000n}{section.5.7}% 103
\BOOKMARK [2][-]{subsection.5.7.2}{\376\377\000T\000h\000r\000e\000a\000t\000\040\000C\000o\000r\000r\000e\000l\000a\000t\000i\000o\000n}{section.5.7}% 104
\BOOKMARK [2][-]{subsection.5.7.3}{\376\377\000R\000i\000s\000k\000\040\000E\000v\000a\000l\000u\000a\000t\000i\000o\000n}{section.5.7}% 105
\BOOKMARK [1][-]{section.5.8}{\376\377\000S\000e\000c\000u\000r\000i\000t\000y\000\040\000A\000r\000c\000h\000i\000t\000e\000c\000t\000u\000r\000e}{chapter.5}% 106
\BOOKMARK [2][-]{subsection.5.8.1}{\376\377\000A\000u\000t\000h\000e\000n\000t\000i\000c\000a\000t\000i\000o\000n\000\040\000a\000n\000d\000\040\000A\000u\000t\000h\000o\000r\000i\000z\000a\000t\000i\000o\000n}{section.5.8}% 107
\BOOKMARK [2][-]{subsection.5.8.2}{\376\377\000S\000e\000c\000u\000r\000i\000t\000y\000\040\000H\000e\000a\000d\000e\000r\000s}{section.5.8}% 108
\BOOKMARK [2][-]{subsection.5.8.3}{\376\377\000R\000e\000q\000u\000e\000s\000t\000\040\000R\000a\000t\000e\000\040\000L\000i\000m\000i\000t\000i\000n\000g}{section.5.8}% 109
\BOOKMARK [2][-]{subsection.5.8.4}{\376\377\000C\000o\000n\000t\000a\000i\000n\000e\000r\000\040\000I\000s\000o\000l\000a\000t\000i\000o\000n}{section.5.8}% 110
\BOOKMARK [1][-]{section.5.9}{\376\377\000D\000a\000t\000a\000b\000a\000s\000e\000\040\000I\000m\000p\000l\000e\000m\000e\000n\000t\000a\000t\000i\000o\000n}{chapter.5}% 111
\BOOKMARK [2][-]{subsection.5.9.1}{\376\377\000D\000a\000t\000a\000\040\000P\000e\000r\000s\000i\000s\000t\000e\000n\000c\000e}{section.5.9}% 112
\BOOKMARK [2][-]{subsection.5.9.2}{\376\377\000J\000S\000O\000N\000B\000\040\000S\000t\000o\000r\000a\000g\000e}{section.5.9}% 113
\BOOKMARK [2][-]{subsection.5.9.3}{\376\377\000R\000e\000l\000a\000t\000i\000o\000n\000s\000h\000i\000p\000\040\000M\000a\000n\000a\000g\000e\000m\000e\000n\000t}{section.5.9}% 114
\BOOKMARK [1][-]{section.5.10}{\376\377\000F\000r\000o\000n\000t\000e\000n\000d\000\040\000I\000m\000p\000l\000e\000m\000e\000n\000t\000a\000t\000i\000o\000n}{chapter.5}% 115
\BOOKMARK [2][-]{subsection.5.10.1}{\376\377\000C\000o\000m\000p\000o\000n\000e\000n\000t\000-\000B\000a\000s\000e\000d\000\040\000A\000r\000c\000h\000i\000t\000e\000c\000t\000u\000r\000e}{section.5.10}% 116
\BOOKMARK [2][-]{subsection.5.10.2}{\376\377\000S\000t\000a\000t\000e\000\040\000M\000a\000n\000a\000g\000e\000m\000e\000n\000t}{section.5.10}% 117
\BOOKMARK [2][-]{subsection.5.10.3}{\376\377\000A\000P\000I\000\040\000C\000o\000m\000m\000u\000n\000i\000c\000a\000t\000i\000o\000n}{section.5.10}% 118
\BOOKMARK [2][-]{subsection.5.10.4}{\376\377\000V\000i\000s\000u\000a\000l\000i\000z\000a\000t\000i\000o\000n\000\040\000C\000o\000m\000p\000o\000n\000e\000n\000t\000s}{section.5.10}% 119
\BOOKMARK [1][-]{section.5.11}{\376\377\000D\000e\000p\000l\000o\000y\000m\000e\000n\000t\000\040\000E\000n\000v\000i\000r\000o\000n\000m\000e\000n\000t}{chapter.5}% 120
\BOOKMARK [2][-]{subsection.5.11.1}{\376\377\000B\000a\000c\000k\000e\000n\000d\000\040\000E\000n\000v\000i\000r\000o\000n\000m\000e\000n\000t}{section.5.11}% 121
\BOOKMARK [2][-]{subsection.5.11.2}{\376\377\000F\000r\000o\000n\000t\000e\000n\000d\000\040\000E\000n\000v\000i\000r\000o\000n\000m\000e\000n\000t}{section.5.11}% 122
\BOOKMARK [2][-]{subsection.5.11.3}{\376\377\000C\000o\000n\000t\000a\000i\000n\000e\000r\000i\000z\000e\000d\000\040\000A\000n\000a\000l\000y\000s\000i\000s\000\040\000E\000n\000v\000i\000r\000o\000n\000m\000e\000n\000t}{section.5.11}% 123
\BOOKMARK [1][-]{section.5.12}{\376\377\000C\000h\000a\000l\000l\000e\000n\000g\000e\000s\000\040\000E\000n\000c\000o\000u\000n\000t\000e\000r\000e\000d\000\040\000D\000u\000r\000i\000n\000g\000\040\000D\000e\000v\000e\000l\000o\000p\000m\000e\000n\000t}{chapter.5}% 124
\BOOKMARK [1][-]{section.5.13}{\376\377\000C\000h\000a\000p\000t\000e\000r\000\040\000S\000u\000m\000m\000a\000r\000y}{chapter.5}% 125
\BOOKMARK [0][-]{chapter.6}{\376\377\000U\000s\000e\000r\000\040\000M\000a\000n\000u\000a\000l}{}% 126
\BOOKMARK [1][-]{section.6.1}{\376\377\000C\000h\000a\000p\000t\000e\000r\000\040\000O\000v\000e\000r\000v\000i\000e\000w}{chapter.6}% 127
\BOOKMARK [1][-]{section.6.2}{\376\377\000S\000y\000s\000t\000e\000m\000\040\000A\000c\000c\000e\000s\000s\000\040\000a\000n\000d\000\040\000A\000u\000t\000h\000e\000n\000t\000i\000c\000a\000t\000i\000o\000n}{chapter.6}% 128
\BOOKMARK [2][-]{subsection.6.2.1}{\376\377\000P\000u\000b\000l\000i\000c\000\040\000L\000a\000n\000d\000i\000n\000g\000\040\000P\000a\000g\000e}{section.6.2}% 129
\BOOKMARK [2][-]{subsection.6.2.2}{\376\377\000R\000e\000g\000i\000s\000t\000r\000a\000t\000i\000o\000n\000\040\000a\000n\000d\000\040\000L\000o\000g\000i\000n}{section.6.2}% 130
\BOOKMARK [2][-]{subsection.6.2.3}{\376\377\000S\000e\000s\000s\000i\000o\000n\000\040\000M\000a\000n\000a\000g\000e\000m\000e\000n\000t}{section.6.2}% 131
\BOOKMARK [2][-]{subsection.6.2.4}{\376\377\000R\000o\000l\000e\000s\000\040\000a\000n\000d\000\040\000P\000e\000r\000m\000i\000s\000s\000i\000o\000n\000s}{section.6.2}% 132
\BOOKMARK [1][-]{section.6.3}{\376\377\000P\000l\000a\000t\000f\000o\000r\000m\000\040\000N\000a\000v\000i\000g\000a\000t\000i\000o\000n\000\040\000a\000n\000d\000\040\000G\000l\000o\000b\000a\000l\000\040\000I\000n\000t\000e\000r\000f\000a\000c\000e}{chapter.6}% 133
\BOOKMARK [2][-]{subsection.6.3.1}{\376\377\000S\000i\000d\000e\000b\000a\000r\000\040\000N\000a\000v\000i\000g\000a\000t\000i\000o\000n}{section.6.3}% 134
\BOOKMARK [2][-]{subsection.6.3.2}{\376\377\000H\000e\000a\000d\000e\000r\000\040\000a\000n\000d\000\040\000N\000o\000t\000i\000f\000i\000c\000a\000t\000i\000o\000n\000s}{section.6.3}% 135
\BOOKMARK [2][-]{subsection.6.3.3}{\376\377\000A\000I\000\040\000A\000s\000s\000i\000s\000t\000a\000n\000t\000\040\000a\000n\000d\000\040\000A\000d\000m\000i\000n\000\040\000S\000w\000i\000t\000c\000h\000e\000r}{section.6.3}% 136
\BOOKMARK [1][-]{section.6.4}{\376\377\000M\000a\000i\000n\000\040\000D\000a\000s\000h\000b\000o\000a\000r\000d}{chapter.6}% 137
\BOOKMARK [2][-]{subsection.6.4.1}{\376\377\000D\000a\000s\000h\000b\000o\000a\000r\000d\000\040\000O\000v\000e\000r\000v\000i\000e\000w}{section.6.4}% 138
\BOOKMARK [2][-]{subsection.6.4.2}{\376\377\000I\000n\000v\000e\000s\000t\000i\000g\000a\000t\000i\000o\000n\000\040\000F\000l\000o\000w\000\040\000C\000a\000r\000d\000s}{section.6.4}% 139
\BOOKMARK [2][-]{subsection.6.4.3}{\376\377\000S\000t\000a\000n\000d\000a\000l\000o\000n\000e\000\040\000S\000e\000c\000u\000r\000i\000t\000y\000\040\000S\000e\000r\000v\000i\000c\000e\000s}{section.6.4}% 140
\BOOKMARK [2][-]{subsection.6.4.4}{\376\377\000D\000a\000s\000h\000b\000o\000a\000r\000d\000\040\000U\000X\000\040\000a\000n\000d\000\040\000D\000e\000s\000i\000g\000n\000\040\000L\000o\000g\000i\000c}{section.6.4}% 141
\BOOKMARK [1][-]{section.6.5}{\376\377\000S\000e\000c\000u\000r\000i\000t\000y\000\040\000I\000n\000v\000e\000s\000t\000i\000g\000a\000t\000i\000o\000n\000s}{chapter.6}% 142
\BOOKMARK [2][-]{subsection.6.5.1}{\376\377\000L\000a\000u\000n\000c\000h\000i\000n\000g\000\040\000a\000\040\000S\000e\000c\000u\000r\000i\000t\000y\000\040\000I\000n\000v\000e\000s\000t\000i\000g\000a\000t\000i\000o\000n}{section.6.5}% 143
\BOOKMARK [2][-]{subsection.6.5.2}{\376\377\000I\000n\000v\000e\000s\000t\000i\000g\000a\000t\000i\000o\000n\000\040\000E\000x\000e\000c\000u\000t\000i\000o\000n\000\040\000a\000n\000d\000\040\000L\000i\000v\000e\000\040\000M\000o\000n\000i\000t\000o\000r\000i\000n\000g}{section.6.5}% 144
\BOOKMARK [2][-]{subsection.6.5.3}{\376\377\000R\000e\000s\000u\000l\000t\000s\000\040\000a\000n\000d\000\040\000A\000n\000a\000l\000y\000s\000i\000s\000\040\000T\000a\000b\000s}{section.6.5}% 145
\BOOKMARK [2][-]{subsection.6.5.4}{\376\377\000I\000n\000v\000e\000s\000t\000i\000g\000a\000t\000i\000o\000n\000\040\000R\000e\000p\000o\000r\000t\000\040\000E\000x\000p\000o\000r\000t}{section.6.5}% 146
\BOOKMARK [2][-]{subsection.6.5.5}{\376\377\000I\000n\000v\000e\000s\000t\000i\000g\000a\000t\000i\000o\000n\000\040\000H\000i\000s\000t\000o\000r\000y\000\040\000a\000n\000d\000\040\000M\000a\000n\000a\000g\000e\000m\000e\000n\000t}{section.6.5}% 147
\BOOKMARK [1][-]{section.6.6}{\376\377\000I\000n\000f\000r\000a\000\040\000I\000n\000t\000e\000l\000l\000i\000g\000e\000n\000c\000e}{chapter.6}% 148
\BOOKMARK [2][-]{subsection.6.6.1}{\376\377\000I\000n\000f\000r\000a\000\040\000I\000n\000t\000e\000l\000l\000i\000g\000e\000n\000c\000e\000\040\000M\000o\000d\000u\000l\000e\000\040\000O\000v\000e\000r\000v\000i\000e\000w}{section.6.6}% 149
\BOOKMARK [2][-]{subsection.6.6.2}{\376\377\000L\000a\000u\000n\000c\000h\000i\000n\000g\000\040\000a\000n\000\040\000I\000n\000f\000r\000a\000\040\000I\000n\000v\000e\000s\000t\000i\000g\000a\000t\000i\000o\000n}{section.6.6}% 150
\BOOKMARK [2][-]{subsection.6.6.3}{\376\377\000I\000n\000f\000r\000a\000\040\000I\000n\000v\000e\000s\000t\000i\000g\000a\000t\000i\000o\000n\000\040\000P\000i\000p\000e\000l\000i\000n\000e\000\040\000E\000x\000e\000c\000u\000t\000i\000o\000n}{section.6.6}% 151
\BOOKMARK [2][-]{subsection.6.6.4}{\376\377\000R\000e\000s\000u\000l\000t\000s\000\040\000a\000n\000d\000\040\000A\000n\000a\000l\000y\000s\000i\000s\000\040\000T\000a\000b\000s}{section.6.6}% 152
\BOOKMARK [2][-]{subsection.6.6.5}{\376\377\000R\000i\000s\000k\000\040\000S\000c\000o\000r\000i\000n\000g\000\040\000a\000n\000d\000\040\000V\000e\000r\000d\000i\000c\000t\000\040\000G\000e\000n\000e\000r\000a\000t\000i\000o\000n}{section.6.6}% 153
\BOOKMARK [2][-]{subsection.6.6.6}{\376\377\000I\000n\000f\000r\000a\000\040\000I\000n\000v\000e\000s\000t\000i\000g\000a\000t\000i\000o\000n\000\040\000H\000i\000s\000t\000o\000r\000y\000\040\000a\000n\000d\000\040\000R\000e\000p\000o\000r\000t\000s}{section.6.6}% 154
\BOOKMARK [1][-]{section.6.7}{\376\377\000S\000e\000c\000u\000r\000i\000t\000y\000\040\000S\000c\000a\000n\000s}{chapter.6}% 155
\BOOKMARK [2][-]{subsection.6.7.1}{\376\377\000S\000e\000c\000u\000r\000i\000t\000y\000\040\000S\000c\000a\000n\000s\000\040\000M\000o\000d\000u\000l\000e\000\040\000O\000v\000e\000r\000v\000i\000e\000w}{section.6.7}% 156
\BOOKMARK [2][-]{subsection.6.7.2}{\376\377\000U\000R\000L\000\040\000S\000c\000a\000n\000n\000i\000n\000g}{section.6.7}% 157
\BOOKMARK [2][-]{subsection.6.7.3}{\376\377\000F\000i\000l\000e\000\040\000S\000c\000a\000n\000n\000i\000n\000g\000\040\000a\000n\000d\000\040\000H\000a\000s\000h\000\040\000A\000n\000a\000l\000y\000s\000i\000s}{section.6.7}% 158
\BOOKMARK [2][-]{subsection.6.7.4}{\376\377\000S\000c\000a\000n\000\040\000R\000e\000s\000u\000l\000t\000s\000\040\000I\000n\000t\000e\000r\000p\000r\000e\000t\000a\000t\000i\000o\000n}{section.6.7}% 159
\BOOKMARK [2][-]{subsection.6.7.5}{\376\377\000S\000c\000a\000n\000\040\000H\000i\000s\000t\000o\000r\000y\000\040\000a\000n\000d\000\040\000M\000a\000n\000a\000g\000e\000m\000e\000n\000t}{section.6.7}% 160
\BOOKMARK [1][-]{section.6.8}{\376\377\000P\000e\000n\000e\000t\000r\000a\000t\000i\000o\000n\000\040\000T\000e\000s\000t\000i\000n\000g}{chapter.6}% 161
\BOOKMARK [2][-]{subsection.6.8.1}{\376\377\000P\000e\000n\000e\000t\000r\000a\000t\000i\000o\000n\000\040\000T\000e\000s\000t\000i\000n\000g\000\040\000M\000o\000d\000u\000l\000e\000\040\000O\000v\000e\000r\000v\000i\000e\000w}{section.6.8}% 162
\BOOKMARK [2][-]{subsection.6.8.2}{\376\377\000C\000o\000n\000f\000i\000g\000u\000r\000i\000n\000g\000\040\000a\000\040\000P\000e\000n\000e\000t\000r\000a\000t\000i\000o\000n\000\040\000T\000e\000s\000t}{section.6.8}% 163
\BOOKMARK [2][-]{subsection.6.8.3}{\376\377\000E\000x\000e\000c\000u\000t\000i\000n\000g\000\040\000t\000h\000e\000\040\000W\000e\000b\000s\000i\000t\000e\000\040\000S\000c\000a\000n}{section.6.8}% 164
\BOOKMARK [2][-]{subsection.6.8.4}{\376\377\000R\000e\000v\000i\000e\000w\000i\000n\000g\000\040\000P\000e\000n\000e\000t\000r\000a\000t\000i\000o\000n\000\040\000T\000e\000s\000t\000i\000n\000g\000\040\000R\000e\000s\000u\000l\000t\000s}{section.6.8}% 165
\BOOKMARK [2][-]{subsection.6.8.5}{\376\377\000E\000x\000p\000o\000r\000t\000i\000n\000g\000\040\000a\000n\000d\000\040\000R\000e\000v\000i\000e\000w\000i\000n\000g\000\040\000S\000c\000a\000n\000\040\000R\000e\000s\000u\000l\000t\000s}{section.6.8}% 166
\BOOKMARK [2][-]{subsection.6.8.6}{\376\377\000P\000e\000n\000e\000t\000r\000a\000t\000i\000o\000n\000\040\000T\000e\000s\000t\000i\000n\000g\000\040\000H\000i\000s\000t\000o\000r\000y}{section.6.8}% 167
\BOOKMARK [1][-]{section.6.9}{\376\377\000T\000h\000r\000e\000a\000t\000\040\000M\000o\000d\000e\000l\000i\000n\000g}{chapter.6}% 168
\BOOKMARK [2][-]{subsection.6.9.1}{\376\377\000T\000h\000r\000e\000a\000t\000\040\000M\000o\000d\000e\000l\000i\000n\000g\000\040\000M\000o\000d\000u\000l\000e\000\040\000O\000v\000e\000r\000v\000i\000e\000w}{section.6.9}% 169
\BOOKMARK [2][-]{subsection.6.9.2}{\376\377\000A\000p\000p\000l\000i\000c\000a\000t\000i\000o\000n\000\040\000P\000r\000o\000f\000i\000l\000e\000\040\000C\000o\000n\000f\000i\000g\000u\000r\000a\000t\000i\000o\000n}{section.6.9}% 170
\BOOKMARK [2][-]{subsection.6.9.3}{\376\377\000T\000h\000r\000e\000a\000t\000\040\000A\000n\000a\000l\000y\000s\000i\000s\000\040\000G\000e\000n\000e\000r\000a\000t\000i\000o\000n}{section.6.9}% 171
\BOOKMARK [2][-]{subsection.6.9.4}{\376\377\000R\000e\000v\000i\000e\000w\000i\000n\000g\000\040\000T\000h\000r\000e\000a\000t\000\040\000M\000o\000d\000e\000l\000i\000n\000g\000\040\000R\000e\000s\000u\000l\000t\000s}{section.6.9}% 172
\BOOKMARK [2][-]{subsection.6.9.5}{\376\377\000E\000x\000p\000o\000r\000t\000i\000n\000g\000\040\000T\000h\000r\000e\000a\000t\000\040\000M\000o\000d\000e\000l\000\040\000R\000e\000p\000o\000r\000t\000s}{section.6.9}% 173
\BOOKMARK [2][-]{subsection.6.9.6}{\376\377\000S\000a\000v\000e\000d\000\040\000T\000h\000r\000e\000a\000t\000\040\000M\000o\000d\000e\000l\000s\000\040\000a\000n\000d\000\040\000H\000i\000s\000t\000o\000r\000y}{section.6.9}% 174
\BOOKMARK [1][-]{section.6.10}{\376\377\000A\000I\000\040\000M\000a\000l\000w\000a\000r\000e\000\040\000A\000n\000a\000l\000y\000s\000i\000s}{chapter.6}% 175
\BOOKMARK [2][-]{subsection.6.10.1}{\376\377\000A\000I\000\040\000M\000a\000l\000w\000a\000r\000e\000\040\000A\000n\000a\000l\000y\000s\000i\000s\000\040\000M\000o\000d\000u\000l\000e\000\040\000O\000v\000e\000r\000v\000i\000e\000w}{section.6.10}% 176
\BOOKMARK [2][-]{subsection.6.10.2}{\376\377\000U\000p\000l\000o\000a\000d\000i\000n\000g\000\040\000a\000n\000d\000\040\000S\000u\000b\000m\000i\000t\000t\000i\000n\000g\000\040\000a\000\040\000F\000i\000l\000e}{section.6.10}% 177
\BOOKMARK [2][-]{subsection.6.10.3}{\376\377\000M\000a\000l\000w\000a\000r\000e\000\040\000A\000n\000a\000l\000y\000s\000i\000s\000\040\000P\000i\000p\000e\000l\000i\000n\000e\000\040\000E\000x\000e\000c\000u\000t\000i\000o\000n}{section.6.10}% 178
\BOOKMARK [2][-]{subsection.6.10.4}{\376\377\000R\000e\000v\000i\000e\000w\000i\000n\000g\000\040\000A\000n\000a\000l\000y\000s\000i\000s\000\040\000R\000e\000s\000u\000l\000t\000s}{section.6.10}% 179
\BOOKMARK [2][-]{subsection.6.10.5}{\376\377\000A\000I\000-\000P\000o\000w\000e\000r\000e\000d\000\040\000M\000a\000l\000w\000a\000r\000e\000\040\000E\000x\000p\000l\000a\000n\000a\000t\000i\000o\000n}{section.6.10}% 180
\BOOKMARK [2][-]{subsection.6.10.6}{\376\377\000E\000x\000p\000o\000r\000t\000i\000n\000g\000\040\000M\000a\000l\000w\000a\000r\000e\000\040\000A\000n\000a\000l\000y\000s\000i\000s\000\040\000R\000e\000p\000o\000r\000t\000s}{section.6.10}% 181
\BOOKMARK [2][-]{subsection.6.10.7}{\376\377\000S\000e\000s\000s\000i\000o\000n\000\040\000H\000i\000s\000t\000o\000r\000y\000\040\000a\000n\000d\000\040\000P\000r\000e\000v\000i\000o\000u\000s\000\040\000A\000n\000a\000l\000y\000s\000e\000s}{section.6.10}% 182
\BOOKMARK [1][-]{section.6.11}{\376\377\000R\000e\000p\000o\000r\000t\000s\000\040\000H\000i\000s\000t\000o\000r\000y}{chapter.6}% 183
\BOOKMARK [2][-]{subsection.6.11.1}{\376\377\000R\000e\000p\000o\000r\000t\000s\000\040\000H\000i\000s\000t\000o\000r\000y\000\040\000O\000v\000e\000r\000v\000i\000e\000w}{section.6.11}% 184
\BOOKMARK [2][-]{subsection.6.11.2}{\376\377\000A\000v\000a\000i\000l\000a\000b\000l\000e\000\040\000R\000e\000p\000o\000r\000t\000\040\000C\000a\000t\000e\000g\000o\000r\000i\000e\000s}{section.6.11}% 185
\BOOKMARK [2][-]{subsection.6.11.3}{\376\377\000A\000c\000c\000e\000s\000s\000i\000n\000g\000\040\000H\000i\000s\000t\000o\000r\000i\000c\000a\000l\000\040\000R\000e\000s\000u\000l\000t\000s}{section.6.11}% 186
\BOOKMARK [1][-]{section.6.12}{\376\377\000U\000s\000e\000r\000\040\000P\000r\000o\000f\000i\000l\000e\000\040\000\046\000\040\000N\000o\000t\000i\000f\000i\000c\000a\000t\000i\000o\000n\000s}{chapter.6}% 187
\BOOKMARK [2][-]{subsection.6.12.1}{\376\377\000U\000s\000e\000r\000\040\000P\000r\000o\000f\000i\000l\000e}{section.6.12}% 188
\BOOKMARK [2][-]{subsection.6.12.2}{\376\377\000N\000o\000t\000i\000f\000i\000c\000a\000t\000i\000o\000n\000\040\000S\000y\000s\000t\000e\000m}{section.6.12}% 189
\BOOKMARK [1][-]{section.6.13}{\376\377\000A\000d\000m\000i\000n\000i\000s\000t\000r\000a\000t\000i\000o\000n\000\040\000\050\000S\000O\000C\000\040\000N\000e\000x\000u\000s\000\051}{chapter.6}% 190
\BOOKMARK [2][-]{subsection.6.13.1}{\376\377\000A\000d\000m\000i\000n\000i\000s\000t\000r\000a\000t\000i\000v\000e\000\040\000D\000a\000s\000h\000b\000o\000a\000r\000d}{section.6.13}% 191
\BOOKMARK [2][-]{subsection.6.13.2}{\376\377\000U\000s\000e\000r\000\040\000a\000n\000d\000\040\000T\000h\000r\000e\000a\000t\000\040\000M\000a\000n\000a\000g\000e\000m\000e\000n\000t}{section.6.13}% 192
\BOOKMARK [2][-]{subsection.6.13.3}{\376\377\000M\000o\000n\000i\000t\000o\000r\000i\000n\000g\000\040\000a\000n\000d\000\040\000A\000n\000a\000l\000y\000t\000i\000c\000s}{section.6.13}% 193
\BOOKMARK [2][-]{subsection.6.13.4}{\376\377\000S\000y\000s\000t\000e\000m\000\040\000C\000o\000n\000f\000i\000g\000u\000r\000a\000t\000i\000o\000n}{section.6.13}% 194
\BOOKMARK [1][-]{section.6.14}{\376\377\000A\000I\000\040\000F\000e\000a\000t\000u\000r\000e\000s}{chapter.6}% 195
\BOOKMARK [1][-]{section.6.15}{\376\377\000R\000e\000p\000o\000r\000t\000\040\000E\000x\000p\000o\000r\000t\000\040\000R\000e\000f\000e\000r\000e\000n\000c\000e}{chapter.6}% 196
\BOOKMARK [1][-]{section.6.16}{\376\377\000I\000n\000v\000e\000s\000t\000i\000g\000a\000t\000i\000o\000n\000\040\000T\000y\000p\000e\000s\000\040\000a\000n\000d\000\040\000T\000a\000r\000g\000e\000t\000\040\000M\000a\000t\000r\000i\000x}{chapter.6}% 197
\BOOKMARK [2][-]{subsection.6.16.1}{\376\377\000I\000n\000v\000e\000s\000t\000i\000g\000a\000t\000i\000o\000n\000\040\000T\000y\000p\000e\000s\000\040\000O\000v\000e\000r\000v\000i\000e\000w}{section.6.16}% 198
\BOOKMARK [2][-]{subsection.6.16.2}{\376\377\000S\000u\000p\000p\000o\000r\000t\000e\000d\000\040\000T\000a\000r\000g\000e\000t\000\040\000T\000y\000p\000e\000s}{section.6.16}% 199
\BOOKMARK [2][-]{subsection.6.16.3}{\376\377\000I\000n\000v\000e\000s\000t\000i\000g\000a\000t\000i\000o\000n\000\040\000T\000y\000p\000e\000s\000\040\000a\000n\000d\000\040\000T\000a\000r\000g\000e\000t\000\040\000M\000a\000t\000r\000i\000x}{section.6.16}% 200
\BOOKMARK [2][-]{subsection.6.16.4}{\376\377\000M\000o\000d\000u\000l\000e\000\040\000S\000e\000l\000e\000c\000t\000i\000o\000n\000\040\000G\000u\000i\000d\000e\000l\000i\000n\000e\000s}{section.6.16}% 201
\BOOKMARK [2][-]{subsection.6.16.5}{\376\377\000C\000r\000o\000s\000s\000-\000M\000o\000d\000u\000l\000e\000\040\000I\000n\000v\000e\000s\000t\000i\000g\000a\000t\000i\000o\000n\000\040\000S\000t\000r\000a\000t\000e\000g\000y}{section.6.16}% 202
\BOOKMARK [1][-]{section.6.17}{\376\377\000C\000h\000a\000p\000t\000e\000r\000\040\000S\000u\000m\000m\000a\000r\000y}{chapter.6}% 203
\BOOKMARK [0][-]{chapter*.95}{\376\377\000L\000i\000s\000t\000\040\000o\000f\000\040\000R\000e\000f\000e\000r\000e\000n\000c\000e\000s}{}% 204
